mode: set
github.com/alperen/sensorpanel/pkg/device/generator.go:27.39,28.16 1 1
github.com/alperen/sensorpanel/pkg/device/generator.go:28.16,30.3 1 1
github.com/alperen/sensorpanel/pkg/device/generator.go:31.2,31.30 1 1
github.com/alperen/sensorpanel/pkg/device/generator.go:31.30,33.3 1 1
github.com/alperen/sensorpanel/pkg/device/generator.go:34.2,34.18 1 1
github.com/alperen/sensorpanel/pkg/device/generator.go:34.18,36.3 1 1
github.com/alperen/sensorpanel/pkg/device/generator.go:37.2,37.21 1 1
github.com/alperen/sensorpanel/pkg/device/generator.go:37.21,39.3 1 1
github.com/alperen/sensorpanel/pkg/device/generator.go:40.2,40.22 1 1
github.com/alperen/sensorpanel/pkg/device/generator.go:40.22,42.3 1 1
github.com/alperen/sensorpanel/pkg/device/generator.go:43.2,43.18 1 1
github.com/alperen/sensorpanel/pkg/device/generator.go:43.18,45.3 1 1
github.com/alperen/sensorpanel/pkg/device/generator.go:46.2,46.19 1 1
github.com/alperen/sensorpanel/pkg/device/generator.go:46.19,48.3 1 1
github.com/alperen/sensorpanel/pkg/device/generator.go:49.2,49.12 1 1
github.com/alperen/sensorpanel/pkg/device/generator.go:53.42,56.2 1 1
github.com/alperen/sensorpanel/pkg/device/generator.go:59.46,60.23 1 1
github.com/alperen/sensorpanel/pkg/device/generator.go:61.14,62.18 1 1
github.com/alperen/sensorpanel/pkg/device/generator.go:63.14,64.18 1 1
github.com/alperen/sensorpanel/pkg/device/generator.go:65.10,66.18 1 1
github.com/alperen/sensorpanel/pkg/device/generator.go:71.44,72.21 1 1
github.com/alperen/sensorpanel/pkg/device/generator.go:73.17,74.21 1 1
github.com/alperen/sensorpanel/pkg/device/generator.go:75.20,76.24 1 1
github.com/alperen/sensorpanel/pkg/device/generator.go:77.10,78.21 1 1
github.com/alperen/sensorpanel/pkg/device/generator.go:83.47,84.24 1 1
github.com/alperen/sensorpanel/pkg/device/generator.go:85.20,86.24 1 1
github.com/alperen/sensorpanel/pkg/device/generator.go:87.20,88.24 1 1
github.com/alperen/sensorpanel/pkg/device/generator.go:89.10,90.24 1 1
github.com/alperen/sensorpanel/pkg/device/generator.go:95.39,97.2 1 1
github.com/alperen/sensorpanel/pkg/device/generator.go:100.55,101.40 1 1
github.com/alperen/sensorpanel/pkg/device/generator.go:101.40,103.3 1 1
github.com/alperen/sensorpanel/pkg/device/generator.go:105.2,106.16 2 1
github.com/alperen/sensorpanel/pkg/device/generator.go:106.16,108.3 1 0
github.com/alperen/sensorpanel/pkg/device/generator.go:110.2,111.50 2 1
github.com/alperen/sensorpanel/pkg/device/generator.go:111.50,113.3 1 0
github.com/alperen/sensorpanel/pkg/device/generator.go:115.2,115.26 1 1
github.com/alperen/sensorpanel/pkg/device/generator.go:119.39,120.13 1 1
github.com/alperen/sensorpanel/pkg/device/generator.go:120.13,122.3 1 1
github.com/alperen/sensorpanel/pkg/device/generator.go:123.2,123.22 1 1
github.com/alperen/sensorpanel/pkg/device/generator.go:123.22,124.13 1 1
github.com/alperen/sensorpanel/pkg/device/generator.go:124.13,125.40 1 1
github.com/alperen/sensorpanel/pkg/device/generator.go:125.40,127.5 1 1
github.com/alperen/sensorpanel/pkg/device/generator.go:128.9,129.63 1 1
github.com/alperen/sensorpanel/pkg/device/generator.go:129.63,131.5 1 1
github.com/alperen/sensorpanel/pkg/device/generator.go:135.2,135.32 1 1
github.com/alperen/sensorpanel/pkg/device/generator.go:139.36,143.22 3 1
github.com/alperen/sensorpanel/pkg/device/generator.go:143.22,144.27 1 1
github.com/alperen/sensorpanel/pkg/device/generator.go:144.27,146.12 2 1
github.com/alperen/sensorpanel/pkg/device/generator.go:148.3,148.21 1 1
github.com/alperen/sensorpanel/pkg/device/generator.go:148.21,151.4 2 1
github.com/alperen/sensorpanel/pkg/device/generator.go:151.9,153.4 1 1
github.com/alperen/sensorpanel/pkg/device/generator.go:156.2,156.24 1 1
github.com/alperen/sensorpanel/pkg/device/generic.go:28.68,35.2 1 1
github.com/alperen/sensorpanel/pkg/device/generic.go:38.95,45.2 1 1
github.com/alperen/sensorpanel/pkg/device/generic.go:48.38,50.2 1 1
github.com/alperen/sensorpanel/pkg/device/generic.go:53.40,55.2 1 1
github.com/alperen/sensorpanel/pkg/device/generic.go:58.47,60.2 1 1
github.com/alperen/sensorpanel/pkg/device/generic.go:64.67,66.2 1 1
github.com/alperen/sensorpanel/pkg/device/generic.go:69.47,71.2 1 1
github.com/alperen/sensorpanel/pkg/device/generic.go:74.48,76.2 1 1
github.com/alperen/sensorpanel/pkg/device/generic.go:79.38,81.2 1 1
github.com/alperen/sensorpanel/pkg/device/generic.go:84.39,86.2 1 1
github.com/alperen/sensorpanel/pkg/device/generic.go:89.52,91.2 1 1
github.com/alperen/sensorpanel/pkg/device/generic.go:94.48,96.2 1 1
github.com/alperen/sensorpanel/pkg/device/generic.go:99.43,101.2 1 1
github.com/alperen/sensorpanel/pkg/device/generic.go:104.46,106.2 1 1
github.com/alperen/sensorpanel/pkg/device/generic.go:109.54,111.2 1 1
github.com/alperen/sensorpanel/pkg/device/generic.go:115.74,124.2 7 1
github.com/alperen/sensorpanel/pkg/device/generic.go:127.61,128.15 1 1
github.com/alperen/sensorpanel/pkg/device/generic.go:128.15,130.3 1 1
github.com/alperen/sensorpanel/pkg/device/generic.go:131.2,131.41 1 1
github.com/alperen/sensorpanel/pkg/device/generic.go:131.41,133.3 1 1
github.com/alperen/sensorpanel/pkg/device/generic.go:135.2,144.35 9 1
github.com/alperen/sensorpanel/pkg/device/generic.go:148.59,149.27 1 1
github.com/alperen/sensorpanel/pkg/device/generic.go:149.27,151.3 1 1
github.com/alperen/sensorpanel/pkg/device/generic.go:153.2,154.25 2 1
github.com/alperen/sensorpanel/pkg/device/generic.go:154.25,156.3 1 1
github.com/alperen/sensorpanel/pkg/device/generic.go:158.2,159.17 2 1
github.com/alperen/sensorpanel/pkg/device/generic.go:159.17,161.3 1 1
github.com/alperen/sensorpanel/pkg/device/generic.go:163.2,163.12 1 1
github.com/alperen/sensorpanel/pkg/device/generic.go:167.63,172.32 4 1
github.com/alperen/sensorpanel/pkg/device/generic.go:172.32,174.32 2 1
github.com/alperen/sensorpanel/pkg/device/generic.go:174.32,183.4 6 1
github.com/alperen/sensorpanel/pkg/device/generic.go:186.2,186.15 1 1
github.com/alperen/sensorpanel/pkg/device/generic.go:190.93,202.2 9 1
github.com/alperen/sensorpanel/pkg/device/profile.go:19.38,20.11 1 1
github.com/alperen/sensorpanel/pkg/device/profile.go:21.14,22.18 1 1
github.com/alperen/sensorpanel/pkg/device/profile.go:23.14,24.18 1 1
github.com/alperen/sensorpanel/pkg/device/profile.go:25.10,26.19 1 1
github.com/alperen/sensorpanel/pkg/device/profile.go:31.42,32.11 1 1
github.com/alperen/sensorpanel/pkg/device/profile.go:33.14,34.11 1 1
github.com/alperen/sensorpanel/pkg/device/profile.go:35.14,36.11 1 1
github.com/alperen/sensorpanel/pkg/device/profile.go:37.10,38.11 1 1
github.com/alperen/sensorpanel/pkg/device/profile.go:52.36,53.11 1 1
github.com/alperen/sensorpanel/pkg/device/profile.go:54.17,55.22 1 1
github.com/alperen/sensorpanel/pkg/device/profile.go:56.20,57.25 1 1
github.com/alperen/sensorpanel/pkg/device/profile.go:58.10,59.19 1 1
github.com/alperen/sensorpanel/pkg/device/profile.go:73.39,74.11 1 1
github.com/alperen/sensorpanel/pkg/device/profile.go:75.20,76.16 1 1
github.com/alperen/sensorpanel/pkg/device/profile.go:77.20,78.16 1 1
github.com/alperen/sensorpanel/pkg/device/profile.go:79.10,80.19 1 1
github.com/alperen/sensorpanel/pkg/device/profile.go:170.43,182.2 1 1
github.com/alperen/sensorpanel/pkg/device/qtkeji.go:45.37,47.2 1 1
github.com/alperen/sensorpanel/pkg/device/qtkeji.go:50.39,52.2 1 1
github.com/alperen/sensorpanel/pkg/device/qtkeji.go:55.46,57.2 1 1
github.com/alperen/sensorpanel/pkg/device/qtkeji.go:60.66,61.24 1 1
github.com/alperen/sensorpanel/pkg/device/qtkeji.go:61.24,63.3 1 1
github.com/alperen/sensorpanel/pkg/device/qtkeji.go:64.2,64.51 1 1
github.com/alperen/sensorpanel/pkg/device/qtkeji.go:68.46,70.2 1 1
github.com/alperen/sensorpanel/pkg/device/qtkeji.go:73.47,75.2 1 1
github.com/alperen/sensorpanel/pkg/device/qtkeji.go:78.37,80.2 1 1
github.com/alperen/sensorpanel/pkg/device/qtkeji.go:83.38,85.2 1 1
github.com/alperen/sensorpanel/pkg/device/qtkeji.go:88.51,90.2 1 1
github.com/alperen/sensorpanel/pkg/device/qtkeji.go:93.47,95.2 1 1
github.com/alperen/sensorpanel/pkg/device/qtkeji.go:98.42,100.2 1 1
github.com/alperen/sensorpanel/pkg/device/qtkeji.go:103.45,105.2 1 1
github.com/alperen/sensorpanel/pkg/device/qtkeji.go:108.53,110.2 1 1
github.com/alperen/sensorpanel/pkg/device/qtkeji.go:121.73,131.2 7 1
github.com/alperen/sensorpanel/pkg/device/qtkeji.go:143.60,145.15 1 1
github.com/alperen/sensorpanel/pkg/device/qtkeji.go:145.15,147.3 1 1
github.com/alperen/sensorpanel/pkg/device/qtkeji.go:148.2,148.33 1 1
github.com/alperen/sensorpanel/pkg/device/qtkeji.go:148.33,150.3 1 1
github.com/alperen/sensorpanel/pkg/device/qtkeji.go:152.2,161.35 9 1
github.com/alperen/sensorpanel/pkg/device/qtkeji.go:165.58,166.27 1 1
github.com/alperen/sensorpanel/pkg/device/qtkeji.go:166.27,168.3 1 1
github.com/alperen/sensorpanel/pkg/device/qtkeji.go:170.2,171.25 2 1
github.com/alperen/sensorpanel/pkg/device/qtkeji.go:171.25,173.3 1 1
github.com/alperen/sensorpanel/pkg/device/qtkeji.go:175.2,176.17 2 1
github.com/alperen/sensorpanel/pkg/device/qtkeji.go:176.17,178.3 1 1
github.com/alperen/sensorpanel/pkg/device/qtkeji.go:180.2,180.12 1 1
github.com/alperen/sensorpanel/pkg/device/qtkeji.go:184.62,189.36 4 1
github.com/alperen/sensorpanel/pkg/device/qtkeji.go:189.36,191.36 2 1
github.com/alperen/sensorpanel/pkg/device/qtkeji.go:191.36,203.4 6 1
github.com/alperen/sensorpanel/pkg/device/qtkeji.go:206.2,206.15 1 1
github.com/alperen/sensorpanel/pkg/device/qtkeji.go:210.92,235.2 9 1
github.com/alperen/sensorpanel/pkg/device/qtkeji.go:238.40,243.2 4 1
github.com/alperen/sensorpanel/pkg/device/qtkeji.go:246.70,250.38 3 1
github.com/alperen/sensorpanel/pkg/device/qtkeji.go:250.38,252.3 1 1
github.com/alperen/sensorpanel/pkg/device/qtkeji.go:253.2,253.15 1 1
github.com/alperen/sensorpanel/pkg/device/qtkeji.go:257.58,269.36 9 1
github.com/alperen/sensorpanel/pkg/device/qtkeji.go:269.36,270.36 1 1
github.com/alperen/sensorpanel/pkg/device/qtkeji.go:270.36,272.17 2 1
github.com/alperen/sensorpanel/pkg/device/qtkeji.go:272.17,273.18 1 1
github.com/alperen/sensorpanel/pkg/device/qtkeji.go:273.18,275.6 1 1
github.com/alperen/sensorpanel/pkg/device/qtkeji.go:275.11,277.6 1 1
github.com/alperen/sensorpanel/pkg/device/qtkeji.go:278.10,279.18 1 1
github.com/alperen/sensorpanel/pkg/device/qtkeji.go:279.18,281.6 1 1
github.com/alperen/sensorpanel/pkg/device/qtkeji.go:281.11,283.6 1 1
github.com/alperen/sensorpanel/pkg/device/qtkeji.go:285.4,286.12 2 1
github.com/alperen/sensorpanel/pkg/device/qtkeji.go:290.2,290.15 1 1
github.com/alperen/sensorpanel/pkg/device/registry.go:15.21,16.25 1 1
github.com/alperen/sensorpanel/pkg/device/registry.go:16.25,20.3 1 1
github.com/alperen/sensorpanel/pkg/device/registry.go:25.38,29.2 3 1
github.com/alperen/sensorpanel/pkg/device/registry.go:32.28,40.2 6 1
github.com/alperen/sensorpanel/pkg/device/registry.go:44.61,49.29 4 1
github.com/alperen/sensorpanel/pkg/device/registry.go:49.29,50.37 1 1
github.com/alperen/sensorpanel/pkg/device/registry.go:50.37,52.4 1 1
github.com/alperen/sensorpanel/pkg/device/registry.go:54.2,54.12 1 1
github.com/alperen/sensorpanel/pkg/device/registry.go:59.40,64.29 4 1
github.com/alperen/sensorpanel/pkg/device/registry.go:64.29,65.19 1 1
github.com/alperen/sensorpanel/pkg/device/registry.go:65.19,67.4 1 1
github.com/alperen/sensorpanel/pkg/device/registry.go:69.2,69.12 1 1
github.com/alperen/sensorpanel/pkg/device/registry.go:74.65,75.54 1 1
github.com/alperen/sensorpanel/pkg/device/registry.go:75.54,77.3 1 1
github.com/alperen/sensorpanel/pkg/device/registry.go:78.2,78.47 1 1
github.com/alperen/sensorpanel/pkg/device/registry.go:82.35,85.29 3 1
github.com/alperen/sensorpanel/pkg/device/registry.go:85.29,87.3 1 1
github.com/alperen/sensorpanel/pkg/device/registry.go:88.2,88.15 1 1
github.com/alperen/sensorpanel/pkg/device/registry.go:92.53,94.2 1 1
github.com/alperen/sensorpanel/pkg/device/registry.go:97.33,103.29 5 1
github.com/alperen/sensorpanel/pkg/device/registry.go:103.29,106.28 3 1
github.com/alperen/sensorpanel/pkg/device/registry.go:106.28,107.29 1 1
github.com/alperen/sensorpanel/pkg/device/registry.go:107.29,109.5 1 1
github.com/alperen/sensorpanel/pkg/device/registry.go:112.2,112.14 1 1
github.com/alperen/sensorpanel/pkg/device/registry.go:116.54,118.2 1 1
github.com/alperen/sensorpanel/pkg/panel/device.go:52.47,60.2 2 1
github.com/alperen/sensorpanel/pkg/panel/device.go:63.66,72.2 2 1
github.com/alperen/sensorpanel/pkg/panel/device.go:75.82,82.2 1 1
github.com/alperen/sensorpanel/pkg/panel/device.go:85.32,89.2 3 1
github.com/alperen/sensorpanel/pkg/panel/device.go:93.60,94.26 1 0
github.com/alperen/sensorpanel/pkg/panel/device.go:94.26,96.3 1 0
github.com/alperen/sensorpanel/pkg/panel/device.go:98.2,101.68 3 0
github.com/alperen/sensorpanel/pkg/panel/device.go:101.68,103.3 1 0
github.com/alperen/sensorpanel/pkg/panel/device.go:104.2,104.16 1 0
github.com/alperen/sensorpanel/pkg/panel/device.go:104.16,106.3 1 0
github.com/alperen/sensorpanel/pkg/panel/device.go:108.2,108.21 1 0
github.com/alperen/sensorpanel/pkg/panel/device.go:113.46,114.26 1 0
github.com/alperen/sensorpanel/pkg/panel/device.go:114.26,116.3 1 0
github.com/alperen/sensorpanel/pkg/panel/device.go:118.2,122.52 4 0
github.com/alperen/sensorpanel/pkg/panel/device.go:122.52,123.68 1 0
github.com/alperen/sensorpanel/pkg/panel/device.go:123.68,126.4 2 0
github.com/alperen/sensorpanel/pkg/panel/device.go:127.3,127.15 1 0
github.com/alperen/sensorpanel/pkg/panel/device.go:130.2,130.14 1 0
github.com/alperen/sensorpanel/pkg/panel/device.go:135.58,136.26 1 0
github.com/alperen/sensorpanel/pkg/panel/device.go:136.26,138.3 1 0
github.com/alperen/sensorpanel/pkg/panel/device.go:140.2,143.68 3 0
github.com/alperen/sensorpanel/pkg/panel/device.go:143.68,145.3 1 0
github.com/alperen/sensorpanel/pkg/panel/device.go:146.2,146.16 1 0
github.com/alperen/sensorpanel/pkg/panel/device.go:146.16,148.3 1 0
github.com/alperen/sensorpanel/pkg/panel/device.go:149.2,149.23 1 0
github.com/alperen/sensorpanel/pkg/panel/device.go:149.23,151.3 1 0
github.com/alperen/sensorpanel/pkg/panel/device.go:153.2,157.36 3 0
github.com/alperen/sensorpanel/pkg/panel/device.go:157.36,159.3 1 0
github.com/alperen/sensorpanel/pkg/panel/device.go:162.2,171.39 8 0
github.com/alperen/sensorpanel/pkg/panel/device.go:171.39,172.39 1 0
github.com/alperen/sensorpanel/pkg/panel/device.go:172.39,173.41 1 0
github.com/alperen/sensorpanel/pkg/panel/device.go:173.41,174.38 1 0
github.com/alperen/sensorpanel/pkg/panel/device.go:174.38,175.52 1 0
github.com/alperen/sensorpanel/pkg/panel/device.go:175.52,177.12 2 0
github.com/alperen/sensorpanel/pkg/panel/device.go:184.2,184.18 1 0
github.com/alperen/sensorpanel/pkg/panel/device.go:190.47,191.26 1 0
github.com/alperen/sensorpanel/pkg/panel/device.go:191.26,193.3 1 0
github.com/alperen/sensorpanel/pkg/panel/device.go:195.2,199.68 3 0
github.com/alperen/sensorpanel/pkg/panel/device.go:199.68,201.3 1 0
github.com/alperen/sensorpanel/pkg/panel/device.go:202.2,202.16 1 0
github.com/alperen/sensorpanel/pkg/panel/device.go:202.16,204.29 1 0
github.com/alperen/sensorpanel/pkg/panel/device.go:204.29,206.4 1 0
github.com/alperen/sensorpanel/pkg/panel/device.go:207.3,207.54 1 0
github.com/alperen/sensorpanel/pkg/panel/device.go:209.2,209.23 1 0
github.com/alperen/sensorpanel/pkg/panel/device.go:209.23,211.3 1 0
github.com/alperen/sensorpanel/pkg/panel/device.go:214.2,214.36 1 0
github.com/alperen/sensorpanel/pkg/panel/device.go:214.36,216.3 1 0
github.com/alperen/sensorpanel/pkg/panel/device.go:217.2,225.16 5 0
github.com/alperen/sensorpanel/pkg/panel/device.go:225.16,226.29 1 0
github.com/alperen/sensorpanel/pkg/panel/device.go:226.29,228.4 1 0
github.com/alperen/sensorpanel/pkg/panel/device.go:229.3,229.29 1 0
github.com/alperen/sensorpanel/pkg/panel/device.go:229.29,231.4 1 0
github.com/alperen/sensorpanel/pkg/panel/device.go:232.3,232.58 1 0
github.com/alperen/sensorpanel/pkg/panel/device.go:234.2,237.12 3 0
github.com/alperen/sensorpanel/pkg/panel/device.go:241.40,242.16 1 1
github.com/alperen/sensorpanel/pkg/panel/device.go:242.16,244.3 1 1
github.com/alperen/sensorpanel/pkg/panel/device.go:245.2,254.49 3 1
github.com/alperen/sensorpanel/pkg/panel/device.go:254.49,255.44 1 1
github.com/alperen/sensorpanel/pkg/panel/device.go:255.44,257.4 1 1
github.com/alperen/sensorpanel/pkg/panel/device.go:259.2,259.14 1 1
github.com/alperen/sensorpanel/pkg/panel/device.go:263.40,264.16 1 1
github.com/alperen/sensorpanel/pkg/panel/device.go:264.16,266.3 1 1
github.com/alperen/sensorpanel/pkg/panel/device.go:267.2,274.43 3 1
github.com/alperen/sensorpanel/pkg/panel/device.go:274.43,275.44 1 1
github.com/alperen/sensorpanel/pkg/panel/device.go:275.44,277.4 1 1
github.com/alperen/sensorpanel/pkg/panel/device.go:279.2,279.14 1 1
github.com/alperen/sensorpanel/pkg/panel/device.go:283.48,286.30 3 1
github.com/alperen/sensorpanel/pkg/panel/device.go:286.30,288.27 2 1
github.com/alperen/sensorpanel/pkg/panel/device.go:288.27,290.4 1 1
github.com/alperen/sensorpanel/pkg/panel/device.go:291.3,291.16 1 1
github.com/alperen/sensorpanel/pkg/panel/device.go:293.2,293.35 1 1
github.com/alperen/sensorpanel/pkg/panel/device.go:293.35,295.27 2 1
github.com/alperen/sensorpanel/pkg/panel/device.go:295.27,297.4 1 1
github.com/alperen/sensorpanel/pkg/panel/device.go:298.3,298.21 1 1
github.com/alperen/sensorpanel/pkg/panel/device.go:300.2,300.43 1 1
github.com/alperen/sensorpanel/pkg/panel/device.go:304.40,305.19 1 1
github.com/alperen/sensorpanel/pkg/panel/device.go:305.19,307.3 1 1
github.com/alperen/sensorpanel/pkg/panel/device.go:308.2,308.23 1 1
github.com/alperen/sensorpanel/pkg/panel/device.go:308.23,310.3 1 1
github.com/alperen/sensorpanel/pkg/panel/device.go:311.2,311.40 1 1
github.com/alperen/sensorpanel/pkg/panel/device.go:311.40,313.33 2 1
github.com/alperen/sensorpanel/pkg/panel/device.go:313.33,314.24 1 1
github.com/alperen/sensorpanel/pkg/panel/device.go:314.24,316.10 2 1
github.com/alperen/sensorpanel/pkg/panel/device.go:319.3,319.12 1 1
github.com/alperen/sensorpanel/pkg/panel/device.go:319.12,321.4 1 1
github.com/alperen/sensorpanel/pkg/panel/device.go:323.2,323.14 1 1
github.com/alperen/sensorpanel/pkg/panel/device.go:327.56,350.2 1 1
github.com/alperen/sensorpanel/pkg/panel/device.go:353.38,364.2 1 1
github.com/alperen/sensorpanel/pkg/panel/device.go:367.31,371.21 3 0
github.com/alperen/sensorpanel/pkg/panel/device.go:371.21,373.3 1 0
github.com/alperen/sensorpanel/pkg/panel/device.go:376.2,378.26 3 0
github.com/alperen/sensorpanel/pkg/panel/device.go:378.26,380.3 1 0
github.com/alperen/sensorpanel/pkg/panel/device.go:383.2,386.70 2 0
github.com/alperen/sensorpanel/pkg/panel/device.go:386.70,388.3 1 0
github.com/alperen/sensorpanel/pkg/panel/device.go:389.2,389.16 1 0
github.com/alperen/sensorpanel/pkg/panel/device.go:389.16,393.3 3 0
github.com/alperen/sensorpanel/pkg/panel/device.go:394.2,394.23 1 0
github.com/alperen/sensorpanel/pkg/panel/device.go:394.23,398.3 3 0
github.com/alperen/sensorpanel/pkg/panel/device.go:401.2,402.26 2 0
github.com/alperen/sensorpanel/pkg/panel/device.go:402.26,403.31 1 0
github.com/alperen/sensorpanel/pkg/panel/device.go:403.31,405.32 2 0
github.com/alperen/sensorpanel/pkg/panel/device.go:405.32,407.10 2 0
github.com/alperen/sensorpanel/pkg/panel/device.go:410.3,410.28 1 0
github.com/alperen/sensorpanel/pkg/panel/device.go:410.28,412.32 1 0
github.com/alperen/sensorpanel/pkg/panel/device.go:412.32,414.5 1 0
github.com/alperen/sensorpanel/pkg/panel/device.go:415.4,417.88 3 0
github.com/alperen/sensorpanel/pkg/panel/device.go:420.3,420.31 1 0
github.com/alperen/sensorpanel/pkg/panel/device.go:420.31,421.29 1 0
github.com/alperen/sensorpanel/pkg/panel/device.go:421.29,423.5 1 0
github.com/alperen/sensorpanel/pkg/panel/device.go:425.8,428.37 2 0
github.com/alperen/sensorpanel/pkg/panel/device.go:428.37,430.4 1 0
github.com/alperen/sensorpanel/pkg/panel/device.go:433.2,444.53 8 0
github.com/alperen/sensorpanel/pkg/panel/device.go:444.54,446.3 0 0
github.com/alperen/sensorpanel/pkg/panel/device.go:449.2,450.16 2 0
github.com/alperen/sensorpanel/pkg/panel/device.go:450.16,456.3 5 0
github.com/alperen/sensorpanel/pkg/panel/device.go:457.2,461.48 3 0
github.com/alperen/sensorpanel/pkg/panel/device.go:461.48,462.53 1 0
github.com/alperen/sensorpanel/pkg/panel/device.go:462.53,464.18 2 0
github.com/alperen/sensorpanel/pkg/panel/device.go:464.18,467.5 2 0
github.com/alperen/sensorpanel/pkg/panel/device.go:468.9,468.59 1 0
github.com/alperen/sensorpanel/pkg/panel/device.go:468.59,470.18 2 0
github.com/alperen/sensorpanel/pkg/panel/device.go:470.18,472.5 1 0
github.com/alperen/sensorpanel/pkg/panel/device.go:476.2,476.37 1 0
github.com/alperen/sensorpanel/pkg/panel/device.go:476.37,479.3 2 0
github.com/alperen/sensorpanel/pkg/panel/device.go:482.2,485.61 2 0
github.com/alperen/sensorpanel/pkg/panel/device.go:485.62,487.3 0 0
github.com/alperen/sensorpanel/pkg/panel/device.go:489.2,489.12 1 0
github.com/alperen/sensorpanel/pkg/panel/device.go:493.32,498.2 3 0
github.com/alperen/sensorpanel/pkg/panel/device.go:500.40,501.21 1 0
github.com/alperen/sensorpanel/pkg/panel/device.go:501.21,503.3 1 0
github.com/alperen/sensorpanel/pkg/panel/device.go:506.2,509.23 2 0
github.com/alperen/sensorpanel/pkg/panel/device.go:509.23,512.3 2 0
github.com/alperen/sensorpanel/pkg/panel/device.go:513.2,518.21 4 0
github.com/alperen/sensorpanel/pkg/panel/device.go:518.21,521.3 2 0
github.com/alperen/sensorpanel/pkg/panel/device.go:524.2,524.18 1 0
github.com/alperen/sensorpanel/pkg/panel/device.go:524.18,527.3 2 0
github.com/alperen/sensorpanel/pkg/panel/device.go:529.2,529.12 1 0
github.com/alperen/sensorpanel/pkg/panel/device.go:533.26,534.19 1 0
github.com/alperen/sensorpanel/pkg/panel/device.go:534.19,536.3 1 0
github.com/alperen/sensorpanel/pkg/panel/device.go:537.2,541.30 4 0
github.com/alperen/sensorpanel/pkg/panel/device.go:545.72,546.37 1 0
github.com/alperen/sensorpanel/pkg/panel/device.go:546.37,548.3 1 0
github.com/alperen/sensorpanel/pkg/panel/device.go:551.2,556.16 4 0
github.com/alperen/sensorpanel/pkg/panel/device.go:556.16,558.3 1 0
github.com/alperen/sensorpanel/pkg/panel/device.go:559.2,559.19 1 0
github.com/alperen/sensorpanel/pkg/panel/device.go:559.19,561.3 1 0
github.com/alperen/sensorpanel/pkg/panel/device.go:564.2,564.22 1 0
github.com/alperen/sensorpanel/pkg/panel/device.go:564.22,570.17 4 0
github.com/alperen/sensorpanel/pkg/panel/device.go:570.17,572.4 1 0
github.com/alperen/sensorpanel/pkg/panel/device.go:573.3,573.24 1 0
github.com/alperen/sensorpanel/pkg/panel/device.go:573.24,575.4 1 0
github.com/alperen/sensorpanel/pkg/panel/device.go:579.2,584.16 5 0
github.com/alperen/sensorpanel/pkg/panel/device.go:584.16,586.3 1 0
github.com/alperen/sensorpanel/pkg/panel/device.go:587.2,587.20 1 0
github.com/alperen/sensorpanel/pkg/panel/device.go:587.20,589.3 1 0
github.com/alperen/sensorpanel/pkg/panel/device.go:592.2,593.16 2 0
github.com/alperen/sensorpanel/pkg/panel/device.go:593.16,595.3 1 0
github.com/alperen/sensorpanel/pkg/panel/device.go:597.2,597.20 1 0
github.com/alperen/sensorpanel/pkg/panel/device.go:601.48,606.2 3 0
github.com/alperen/sensorpanel/pkg/panel/device.go:608.56,609.21 1 0
github.com/alperen/sensorpanel/pkg/panel/device.go:609.21,611.3 1 0
github.com/alperen/sensorpanel/pkg/panel/device.go:613.2,616.16 3 0
github.com/alperen/sensorpanel/pkg/panel/device.go:616.16,618.3 1 0
github.com/alperen/sensorpanel/pkg/panel/device.go:619.2,619.17 1 0
github.com/alperen/sensorpanel/pkg/panel/device.go:619.17,621.3 1 0
github.com/alperen/sensorpanel/pkg/panel/device.go:623.2,623.12 1 0
github.com/alperen/sensorpanel/pkg/panel/device.go:627.53,631.21 3 0
github.com/alperen/sensorpanel/pkg/panel/device.go:631.21,633.3 1 0
github.com/alperen/sensorpanel/pkg/panel/device.go:635.2,636.33 2 0
github.com/alperen/sensorpanel/pkg/panel/device.go:636.33,638.3 1 0
github.com/alperen/sensorpanel/pkg/panel/device.go:641.2,644.16 3 0
github.com/alperen/sensorpanel/pkg/panel/device.go:644.16,646.3 1 0
github.com/alperen/sensorpanel/pkg/panel/device.go:647.2,647.17 1 0
github.com/alperen/sensorpanel/pkg/panel/device.go:647.17,649.3 1 0
github.com/alperen/sensorpanel/pkg/panel/device.go:651.2,651.12 1 0
github.com/alperen/sensorpanel/pkg/panel/device.go:655.57,658.2 2 0
github.com/alperen/sensorpanel/pkg/panel/device.go:661.45,664.2 2 0
github.com/alperen/sensorpanel/pkg/panel/device.go:667.43,670.2 2 0
github.com/alperen/sensorpanel/pkg/panel/device.go:673.54,676.2 2 0
github.com/alperen/sensorpanel/pkg/panel/device.go:679.38,681.2 1 0
github.com/alperen/sensorpanel/pkg/panel/device.go:684.39,686.2 1 0
github.com/alperen/sensorpanel/pkg/panel/protocol.go:57.34,64.2 1 1
github.com/alperen/sensorpanel/pkg/panel/protocol.go:67.73,74.2 1 1
github.com/alperen/sensorpanel/pkg/panel/protocol.go:77.47,80.17 2 1
github.com/alperen/sensorpanel/pkg/panel/protocol.go:81.13,82.22 1 1
github.com/alperen/sensorpanel/pkg/panel/protocol.go:83.14,84.22 1 1
github.com/alperen/sensorpanel/pkg/panel/protocol.go:85.14,86.24 1 1
github.com/alperen/sensorpanel/pkg/panel/protocol.go:87.15,88.25 1 1
github.com/alperen/sensorpanel/pkg/panel/protocol.go:89.10,90.22 1 1
github.com/alperen/sensorpanel/pkg/panel/protocol.go:92.2,92.53 1 1
github.com/alperen/sensorpanel/pkg/panel/protocol.go:96.38,100.2 1 1
github.com/alperen/sensorpanel/pkg/panel/protocol.go:160.94,161.23 1 1
github.com/alperen/sensorpanel/pkg/panel/protocol.go:161.23,163.3 1 1
github.com/alperen/sensorpanel/pkg/panel/protocol.go:165.2,188.17 9 1
github.com/alperen/sensorpanel/pkg/panel/protocol.go:200.49,201.26 1 1
github.com/alperen/sensorpanel/pkg/panel/protocol.go:201.26,203.3 1 1
github.com/alperen/sensorpanel/pkg/panel/protocol.go:205.2,206.25 2 1
github.com/alperen/sensorpanel/pkg/panel/protocol.go:206.25,208.3 1 1
github.com/alperen/sensorpanel/pkg/panel/protocol.go:210.2,213.25 3 1
github.com/alperen/sensorpanel/pkg/panel/protocol.go:225.55,239.2 10 1
github.com/alperen/sensorpanel/pkg/panel/protocol.go:242.47,244.2 1 1
github.com/alperen/sensorpanel/pkg/panel/protocol.go:258.54,260.15 1 1
github.com/alperen/sensorpanel/pkg/panel/protocol.go:260.15,262.3 1 1
github.com/alperen/sensorpanel/pkg/panel/protocol.go:263.2,263.15 1 1
github.com/alperen/sensorpanel/pkg/panel/protocol.go:263.15,265.3 1 1
github.com/alperen/sensorpanel/pkg/panel/protocol.go:267.2,276.45 9 1
github.com/alperen/sensorpanel/pkg/panel/protocol.go:285.40,290.2 4 1
github.com/alperen/sensorpanel/pkg/panel/protocol.go:296.42,300.2 3 1
github.com/alperen/sensorpanel/pkg/panel/protocol.go:303.51,308.44 4 1
github.com/alperen/sensorpanel/pkg/panel/protocol.go:308.44,311.3 2 1
github.com/alperen/sensorpanel/pkg/panel/protocol.go:312.2,312.15 1 1
github.com/alperen/sensorpanel/pkg/panel/protocol.go:317.39,329.44 9 1
github.com/alperen/sensorpanel/pkg/panel/protocol.go:329.44,330.44 1 1
github.com/alperen/sensorpanel/pkg/panel/protocol.go:330.44,332.17 2 1
github.com/alperen/sensorpanel/pkg/panel/protocol.go:332.17,333.18 1 1
github.com/alperen/sensorpanel/pkg/panel/protocol.go:333.18,335.6 1 1
github.com/alperen/sensorpanel/pkg/panel/protocol.go:335.11,337.6 1 1
github.com/alperen/sensorpanel/pkg/panel/protocol.go:338.10,339.18 1 1
github.com/alperen/sensorpanel/pkg/panel/protocol.go:339.18,341.6 1 1
github.com/alperen/sensorpanel/pkg/panel/protocol.go:341.11,343.6 1 1
github.com/alperen/sensorpanel/pkg/panel/protocol.go:345.4,346.12 2 1
github.com/alperen/sensorpanel/pkg/panel/protocol.go:350.2,350.15 1 1
github.com/alperen/sensorpanel/pkg/panel/protocol.go:355.50,360.44 4 1
github.com/alperen/sensorpanel/pkg/panel/protocol.go:360.44,362.44 2 1
github.com/alperen/sensorpanel/pkg/panel/protocol.go:362.44,372.4 6 1
github.com/alperen/sensorpanel/pkg/panel/protocol.go:375.2,375.15 1 1
github.com/alperen/sensorpanel/pkg/panel/protocol.go:379.52,386.47 6 1
github.com/alperen/sensorpanel/pkg/panel/protocol.go:386.47,387.48 1 1
github.com/alperen/sensorpanel/pkg/panel/protocol.go:387.48,393.4 5 1
github.com/alperen/sensorpanel/pkg/panel/protocol.go:396.2,396.15 1 1
github.com/alperen/sensorpanel/pkg/panel/protocol.go:400.52,407.47 6 1
github.com/alperen/sensorpanel/pkg/panel/protocol.go:407.47,408.48 1 1
github.com/alperen/sensorpanel/pkg/panel/protocol.go:408.48,414.4 5 1
github.com/alperen/sensorpanel/pkg/panel/protocol.go:417.2,417.15 1 1
github.com/alperen/sensorpanel/pkg/panel/protocol.go:421.50,428.47 6 1
github.com/alperen/sensorpanel/pkg/panel/protocol.go:428.47,429.48 1 1
github.com/alperen/sensorpanel/pkg/panel/protocol.go:429.48,436.4 6 1
github.com/alperen/sensorpanel/pkg/panel/protocol.go:439.2,439.15 1 1
github.com/alperen/sensorpanel/pkg/panel/protocol.go:443.37,445.2 1 1
github.com/alperen/sensorpanel/pkg/panel/protocol.go:448.78,453.37 4 1
github.com/alperen/sensorpanel/pkg/panel/protocol.go:453.37,455.3 1 1
github.com/alperen/sensorpanel/pkg/panel/protocol.go:456.2,456.15 1 1
github.com/alperen/sensorpanel/pkg/panel/protocol.go:460.64,473.30 10 1
github.com/alperen/sensorpanel/pkg/panel/protocol.go:473.30,474.30 1 1
github.com/alperen/sensorpanel/pkg/panel/protocol.go:474.30,476.17 2 1
github.com/alperen/sensorpanel/pkg/panel/protocol.go:476.17,477.18 1 1
github.com/alperen/sensorpanel/pkg/panel/protocol.go:477.18,479.6 1 1
github.com/alperen/sensorpanel/pkg/panel/protocol.go:479.11,481.6 1 1
github.com/alperen/sensorpanel/pkg/panel/protocol.go:482.10,483.18 1 1
github.com/alperen/sensorpanel/pkg/panel/protocol.go:483.18,485.6 1 1
github.com/alperen/sensorpanel/pkg/panel/protocol.go:485.11,487.6 1 1
github.com/alperen/sensorpanel/pkg/panel/protocol.go:489.4,490.12 2 1
github.com/alperen/sensorpanel/pkg/panel/protocol.go:494.2,494.15 1 1
github.com/alperen/sensorpanel/pkg/panel/protocol.go:498.62,516.30 6 1
github.com/alperen/sensorpanel/pkg/panel/protocol.go:516.30,518.30 2 1
github.com/alperen/sensorpanel/pkg/panel/protocol.go:518.30,520.4 1 0
github.com/alperen/sensorpanel/pkg/panel/protocol.go:521.3,524.30 3 1
github.com/alperen/sensorpanel/pkg/panel/protocol.go:524.30,527.4 2 1
github.com/alperen/sensorpanel/pkg/panel/protocol.go:530.2,530.15 1 1
github.com/alperen/sensorpanel/pkg/paths/paths.go:22.34,23.64 1 1
github.com/alperen/sensorpanel/pkg/paths/paths.go:23.64,25.3 1 1
github.com/alperen/sensorpanel/pkg/paths/paths.go:27.2,28.16 2 1
github.com/alperen/sensorpanel/pkg/paths/paths.go:28.16,30.3 1 0
github.com/alperen/sensorpanel/pkg/paths/paths.go:32.2,32.53 1 1
github.com/alperen/sensorpanel/pkg/paths/paths.go:37.32,38.58 1 1
github.com/alperen/sensorpanel/pkg/paths/paths.go:38.58,40.3 1 1
github.com/alperen/sensorpanel/pkg/paths/paths.go:42.2,43.16 2 1
github.com/alperen/sensorpanel/pkg/paths/paths.go:43.16,45.3 1 0
github.com/alperen/sensorpanel/pkg/paths/paths.go:47.2,47.61 1 1
github.com/alperen/sensorpanel/pkg/paths/paths.go:52.33,53.61 1 1
github.com/alperen/sensorpanel/pkg/paths/paths.go:53.61,55.3 1 1
github.com/alperen/sensorpanel/pkg/paths/paths.go:57.2,58.16 2 1
github.com/alperen/sensorpanel/pkg/paths/paths.go:58.16,60.3 1 0
github.com/alperen/sensorpanel/pkg/paths/paths.go:62.2,62.52 1 1
github.com/alperen/sensorpanel/pkg/paths/paths.go:67.34,69.16 2 1
github.com/alperen/sensorpanel/pkg/paths/paths.go:69.16,71.3 1 0
github.com/alperen/sensorpanel/pkg/paths/paths.go:72.2,72.46 1 1
github.com/alperen/sensorpanel/pkg/paths/paths.go:77.35,79.16 2 1
github.com/alperen/sensorpanel/pkg/paths/paths.go:79.16,81.3 1 0
github.com/alperen/sensorpanel/pkg/paths/paths.go:82.2,82.48 1 1
github.com/alperen/sensorpanel/pkg/paths/paths.go:86.49,88.16 2 1
github.com/alperen/sensorpanel/pkg/paths/paths.go:88.16,90.3 1 0
github.com/alperen/sensorpanel/pkg/paths/paths.go:91.2,91.49 1 1
github.com/alperen/sensorpanel/pkg/paths/paths.go:95.35,97.2 1 1
github.com/alperen/sensorpanel/pkg/paths/paths.go:100.40,102.16 2 1
github.com/alperen/sensorpanel/pkg/paths/paths.go:102.16,104.3 1 0
github.com/alperen/sensorpanel/pkg/paths/paths.go:105.2,105.39 1 1
github.com/alperen/sensorpanel/pkg/paths/paths.go:105.39,107.3 1 0
github.com/alperen/sensorpanel/pkg/paths/paths.go:108.2,108.17 1 1
github.com/alperen/sensorpanel/pkg/paths/paths.go:112.41,114.16 2 1
github.com/alperen/sensorpanel/pkg/paths/paths.go:114.16,116.3 1 0
github.com/alperen/sensorpanel/pkg/paths/paths.go:117.2,117.39 1 1
github.com/alperen/sensorpanel/pkg/paths/paths.go:117.39,119.3 1 0
github.com/alperen/sensorpanel/pkg/paths/paths.go:120.2,120.17 1 1
github.com/alperen/sensorpanel/pkg/config/config.go:32.36,33.20 1 1
github.com/alperen/sensorpanel/pkg/config/config.go:33.20,35.3 1 1
github.com/alperen/sensorpanel/pkg/config/config.go:36.2,36.58 1 1
github.com/alperen/sensorpanel/pkg/config/config.go:40.34,42.2 1 1
github.com/alperen/sensorpanel/pkg/config/config.go:66.30,73.2 1 1
github.com/alperen/sensorpanel/pkg/config/config.go:76.34,78.64 1 1
github.com/alperen/sensorpanel/pkg/config/config.go:78.64,80.3 1 1
github.com/alperen/sensorpanel/pkg/config/config.go:83.2,84.16 2 1
github.com/alperen/sensorpanel/pkg/config/config.go:84.16,86.3 1 0
github.com/alperen/sensorpanel/pkg/config/config.go:88.2,88.53 1 1
github.com/alperen/sensorpanel/pkg/config/config.go:92.35,94.16 2 1
github.com/alperen/sensorpanel/pkg/config/config.go:94.16,96.3 1 0
github.com/alperen/sensorpanel/pkg/config/config.go:97.2,97.44 1 1
github.com/alperen/sensorpanel/pkg/config/config.go:102.30,104.16 2 1
github.com/alperen/sensorpanel/pkg/config/config.go:104.16,106.3 1 0
github.com/alperen/sensorpanel/pkg/config/config.go:108.2,109.16 2 1
github.com/alperen/sensorpanel/pkg/config/config.go:109.16,110.37 1 1
github.com/alperen/sensorpanel/pkg/config/config.go:110.37,112.4 1 1
github.com/alperen/sensorpanel/pkg/config/config.go:113.3,113.59 1 0
github.com/alperen/sensorpanel/pkg/config/config.go:116.2,117.50 2 1
github.com/alperen/sensorpanel/pkg/config/config.go:117.50,119.3 1 1
github.com/alperen/sensorpanel/pkg/config/config.go:121.2,121.17 1 1
github.com/alperen/sensorpanel/pkg/config/config.go:125.30,127.16 2 1
github.com/alperen/sensorpanel/pkg/config/config.go:127.16,129.3 1 0
github.com/alperen/sensorpanel/pkg/config/config.go:132.2,132.47 1 1
github.com/alperen/sensorpanel/pkg/config/config.go:132.47,134.3 1 0
github.com/alperen/sensorpanel/pkg/config/config.go:136.2,139.16 3 1
github.com/alperen/sensorpanel/pkg/config/config.go:139.16,141.3 1 0
github.com/alperen/sensorpanel/pkg/config/config.go:143.2,143.55 1 1
github.com/alperen/sensorpanel/pkg/config/config.go:143.55,145.3 1 0
github.com/alperen/sensorpanel/pkg/config/config.go:147.2,147.12 1 1
github.com/alperen/sensorpanel/pkg/config/config.go:151.54,153.16 2 1
github.com/alperen/sensorpanel/pkg/config/config.go:153.16,155.3 1 0
github.com/alperen/sensorpanel/pkg/config/config.go:157.2,163.18 2 1
github.com/alperen/sensorpanel/pkg/config/config.go:167.37,169.16 2 1
github.com/alperen/sensorpanel/pkg/config/config.go:169.16,171.3 1 0
github.com/alperen/sensorpanel/pkg/config/config.go:172.2,172.24 1 1
github.com/alperen/sensorpanel/pkg/config/config.go:176.39,178.16 2 1
github.com/alperen/sensorpanel/pkg/config/config.go:178.16,180.3 1 0
github.com/alperen/sensorpanel/pkg/config/config.go:182.2,183.18 2 1
github.com/alperen/sensorpanel/pkg/config/config.go:187.33,189.16 2 1
github.com/alperen/sensorpanel/pkg/config/config.go:189.16,191.3 1 0
github.com/alperen/sensorpanel/pkg/config/config.go:192.2,192.23 1 1
github.com/alperen/sensorpanel/pkg/config/config.go:196.43,198.16 2 1
github.com/alperen/sensorpanel/pkg/config/config.go:198.16,200.3 1 0
github.com/alperen/sensorpanel/pkg/config/config.go:202.2,203.18 2 1
github.com/alperen/sensorpanel/pkg/config/config.go:207.37,209.16 2 1
github.com/alperen/sensorpanel/pkg/config/config.go:209.16,211.3 1 0
github.com/alperen/sensorpanel/pkg/config/config.go:212.2,212.27 1 1
github.com/alperen/sensorpanel/pkg/config/discovery.go:25.43,29.45 3 1
github.com/alperen/sensorpanel/pkg/config/discovery.go:29.45,31.17 2 1
github.com/alperen/sensorpanel/pkg/config/discovery.go:31.17,33.4 1 1
github.com/alperen/sensorpanel/pkg/config/discovery.go:36.2,36.20 1 1
github.com/alperen/sensorpanel/pkg/config/discovery.go:36.20,38.3 1 1
github.com/alperen/sensorpanel/pkg/config/discovery.go:40.2,40.35 1 1
github.com/alperen/sensorpanel/pkg/config/discovery.go:44.51,50.2 1 1
github.com/alperen/sensorpanel/pkg/config/discovery.go:53.43,55.2 1 1
github.com/alperen/sensorpanel/pkg/config/discovery.go:58.83,60.63 1 0
github.com/alperen/sensorpanel/pkg/config/discovery.go:60.63,62.3 1 0
github.com/alperen/sensorpanel/pkg/config/discovery.go:66.2,70.37 4 0
github.com/alperen/sensorpanel/pkg/config/discovery.go:70.37,71.84 1 0
github.com/alperen/sensorpanel/pkg/config/discovery.go:71.84,73.4 1 0
github.com/alperen/sensorpanel/pkg/config/discovery.go:77.2,79.35 3 0
github.com/alperen/sensorpanel/pkg/config/discovery.go:79.35,80.39 1 0
github.com/alperen/sensorpanel/pkg/config/discovery.go:80.39,81.41 1 0
github.com/alperen/sensorpanel/pkg/config/discovery.go:81.41,82.38 1 0
github.com/alperen/sensorpanel/pkg/config/discovery.go:82.38,83.51 1 0
github.com/alperen/sensorpanel/pkg/config/discovery.go:83.51,84.53 1 0
github.com/alperen/sensorpanel/pkg/config/discovery.go:84.53,86.8 1 0
github.com/alperen/sensorpanel/pkg/config/discovery.go:86.13,88.8 1 0
github.com/alperen/sensorpanel/pkg/config/discovery.go:96.2,96.54 1 0
github.com/alperen/sensorpanel/pkg/config/discovery.go:96.54,98.3 1 0
github.com/alperen/sensorpanel/pkg/config/discovery.go:100.2,100.14 1 0
github.com/alperen/sensorpanel/pkg/config/discovery.go:106.66,113.68 4 0
github.com/alperen/sensorpanel/pkg/config/discovery.go:113.68,116.3 1 0
github.com/alperen/sensorpanel/pkg/config/discovery.go:117.2,117.16 1 0
github.com/alperen/sensorpanel/pkg/config/discovery.go:117.17,120.3 0 0
github.com/alperen/sensorpanel/pkg/config/discovery.go:122.2,122.30 1 0
github.com/alperen/sensorpanel/pkg/config/discovery.go:122.30,131.86 6 0
github.com/alperen/sensorpanel/pkg/config/discovery.go:131.86,132.12 1 0
github.com/alperen/sensorpanel/pkg/config/discovery.go:135.3,135.31 1 0
github.com/alperen/sensorpanel/pkg/config/discovery.go:135.31,146.4 1 0
github.com/alperen/sensorpanel/pkg/config/discovery.go:149.2,149.24 1 0
github.com/alperen/sensorpanel/pkg/config/discovery.go:154.56,156.16 2 0
github.com/alperen/sensorpanel/pkg/config/discovery.go:156.16,158.3 1 0
github.com/alperen/sensorpanel/pkg/config/discovery.go:160.2,160.25 1 0
github.com/alperen/sensorpanel/pkg/config/discovery.go:160.25,162.3 1 0
github.com/alperen/sensorpanel/pkg/config/discovery.go:164.2,167.68 3 0
github.com/alperen/sensorpanel/pkg/config/discovery.go:167.68,170.3 1 0
github.com/alperen/sensorpanel/pkg/config/discovery.go:171.2,171.16 1 0
github.com/alperen/sensorpanel/pkg/config/discovery.go:171.17,173.3 0 0
github.com/alperen/sensorpanel/pkg/config/discovery.go:175.2,175.23 1 0
github.com/alperen/sensorpanel/pkg/config/discovery.go:175.23,177.3 1 0
github.com/alperen/sensorpanel/pkg/config/discovery.go:180.2,180.30 1 0
github.com/alperen/sensorpanel/pkg/config/discovery.go:180.30,186.61 3 0
github.com/alperen/sensorpanel/pkg/config/discovery.go:186.61,187.12 1 0
github.com/alperen/sensorpanel/pkg/config/discovery.go:190.3,202.9 3 0
github.com/alperen/sensorpanel/pkg/config/discovery.go:206.2,206.30 1 0
github.com/alperen/sensorpanel/pkg/config/discovery.go:206.30,208.3 1 0
github.com/alperen/sensorpanel/pkg/config/discovery.go:210.2,210.89 1 0
github.com/alperen/sensorpanel/pkg/config/discovery.go:215.60,217.52 1 0
github.com/alperen/sensorpanel/pkg/config/discovery.go:217.52,219.3 1 0
github.com/alperen/sensorpanel/pkg/config/discovery.go:222.2,223.35 2 0
github.com/alperen/sensorpanel/pkg/config/discovery.go:223.35,226.3 1 0
github.com/alperen/sensorpanel/pkg/config/discovery.go:228.2,228.34 1 0
github.com/alperen/sensorpanel/pkg/config/discovery.go:228.34,231.3 1 0
github.com/alperen/sensorpanel/pkg/config/discovery.go:234.2,235.16 2 0
github.com/alperen/sensorpanel/pkg/config/discovery.go:235.16,237.3 1 0
github.com/alperen/sensorpanel/pkg/config/discovery.go:240.2,241.29 2 0
github.com/alperen/sensorpanel/pkg/config/discovery.go:241.29,242.19 1 0
github.com/alperen/sensorpanel/pkg/config/discovery.go:242.19,244.4 1 0
github.com/alperen/sensorpanel/pkg/config/discovery.go:247.2,247.24 1 0
github.com/alperen/sensorpanel/pkg/config/discovery.go:247.24,249.3 1 0
github.com/alperen/sensorpanel/pkg/config/discovery.go:251.2,251.24 1 0
github.com/alperen/sensorpanel/pkg/config/discovery.go:251.24,253.3 1 0
github.com/alperen/sensorpanel/pkg/config/discovery.go:256.2,256.93 1 0
github.com/alperen/sensorpanel/pkg/sensors/sensors.go:102.30,113.2 1 1
github.com/alperen/sensorpanel/pkg/sensors/sensors.go:140.46,141.19 1 1
github.com/alperen/sensorpanel/pkg/sensors/sensors.go:141.19,143.3 1 1
github.com/alperen/sensorpanel/pkg/sensors/sensors.go:145.2,151.64 2 1
github.com/alperen/sensorpanel/pkg/sensors/sensors.go:151.64,153.3 1 1
github.com/alperen/sensorpanel/pkg/sensors/sensors.go:155.2,155.10 1 1
github.com/alperen/sensorpanel/pkg/sensors/sensors.go:159.37,164.22 2 1
github.com/alperen/sensorpanel/pkg/sensors/sensors.go:164.22,166.3 1 1
github.com/alperen/sensorpanel/pkg/sensors/sensors.go:168.2,168.22 1 1
github.com/alperen/sensorpanel/pkg/sensors/sensors.go:168.22,170.3 1 0
github.com/alperen/sensorpanel/pkg/sensors/sensors.go:172.2,172.22 1 1
github.com/alperen/sensorpanel/pkg/sensors/sensors.go:172.22,174.3 1 1
github.com/alperen/sensorpanel/pkg/sensors/sensors.go:176.2,176.23 1 1
github.com/alperen/sensorpanel/pkg/sensors/sensors.go:176.23,178.3 1 1
github.com/alperen/sensorpanel/pkg/sensors/sensors.go:180.2,180.26 1 1
github.com/alperen/sensorpanel/pkg/sensors/sensors.go:180.26,182.3 1 1
github.com/alperen/sensorpanel/pkg/sensors/sensors.go:184.2,184.13 1 1
github.com/alperen/sensorpanel/pkg/sensors/sensors.go:187.44,188.34 1 1
github.com/alperen/sensorpanel/pkg/sensors/sensors.go:188.34,189.60 1 0
github.com/alperen/sensorpanel/pkg/sensors/sensors.go:189.60,191.4 1 0
github.com/alperen/sensorpanel/pkg/sensors/sensors.go:195.2,201.26 2 1
github.com/alperen/sensorpanel/pkg/sensors/sensors.go:201.26,202.39 1 1
github.com/alperen/sensorpanel/pkg/sensors/sensors.go:202.39,204.4 1 1
github.com/alperen/sensorpanel/pkg/sensors/sensors.go:208.2,208.58 1 0
github.com/alperen/sensorpanel/pkg/sensors/sensors.go:208.58,210.3 1 0
github.com/alperen/sensorpanel/pkg/sensors/sensors.go:212.2,212.11 1 0
github.com/alperen/sensorpanel/pkg/sensors/sensors.go:215.43,221.42 2 1
github.com/alperen/sensorpanel/pkg/sensors/sensors.go:221.42,223.3 1 1
github.com/alperen/sensorpanel/pkg/sensors/sensors.go:226.2,226.48 1 1
github.com/alperen/sensorpanel/pkg/sensors/sensors.go:226.48,228.3 1 1
github.com/alperen/sensorpanel/pkg/sensors/sensors.go:231.2,231.46 1 1
github.com/alperen/sensorpanel/pkg/sensors/sensors.go:231.46,233.3 1 1
github.com/alperen/sensorpanel/pkg/sensors/sensors.go:235.2,235.14 1 1
github.com/alperen/sensorpanel/pkg/sensors/sensors.go:238.56,240.16 2 1
github.com/alperen/sensorpanel/pkg/sensors/sensors.go:240.16,242.3 1 0
github.com/alperen/sensorpanel/pkg/sensors/sensors.go:243.2,246.21 3 1
github.com/alperen/sensorpanel/pkg/sensors/sensors.go:246.21,248.3 1 0
github.com/alperen/sensorpanel/pkg/sensors/sensors.go:250.2,251.38 2 1
github.com/alperen/sensorpanel/pkg/sensors/sensors.go:251.38,253.3 1 0
github.com/alperen/sensorpanel/pkg/sensors/sensors.go:255.2,256.21 2 1
github.com/alperen/sensorpanel/pkg/sensors/sensors.go:256.21,258.3 1 0
github.com/alperen/sensorpanel/pkg/sensors/sensors.go:260.2,261.31 2 1
github.com/alperen/sensorpanel/pkg/sensors/sensors.go:261.31,263.17 2 1
github.com/alperen/sensorpanel/pkg/sensors/sensors.go:263.17,265.4 1 0
github.com/alperen/sensorpanel/pkg/sensors/sensors.go:266.3,266.29 1 1
github.com/alperen/sensorpanel/pkg/sensors/sensors.go:270.2,271.21 2 1
github.com/alperen/sensorpanel/pkg/sensors/sensors.go:271.21,273.3 1 1
github.com/alperen/sensorpanel/pkg/sensors/sensors.go:275.2,276.27 2 1
github.com/alperen/sensorpanel/pkg/sensors/sensors.go:276.27,278.3 1 1
github.com/alperen/sensorpanel/pkg/sensors/sensors.go:280.2,285.28 4 1
github.com/alperen/sensorpanel/pkg/sensors/sensors.go:285.28,291.3 4 1
github.com/alperen/sensorpanel/pkg/sensors/sensors.go:293.2,300.21 6 1
github.com/alperen/sensorpanel/pkg/sensors/sensors.go:300.21,302.3 1 1
github.com/alperen/sensorpanel/pkg/sensors/sensors.go:304.2,305.14 2 0
github.com/alperen/sensorpanel/pkg/sensors/sensors.go:305.14,307.3 1 0
github.com/alperen/sensorpanel/pkg/sensors/sensors.go:308.2,308.16 1 0
github.com/alperen/sensorpanel/pkg/sensors/sensors.go:308.16,310.3 1 0
github.com/alperen/sensorpanel/pkg/sensors/sensors.go:312.2,312.19 1 0
github.com/alperen/sensorpanel/pkg/sensors/sensors.go:315.50,319.38 2 1
github.com/alperen/sensorpanel/pkg/sensors/sensors.go:319.38,321.17 2 1
github.com/alperen/sensorpanel/pkg/sensors/sensors.go:321.17,322.12 1 0
github.com/alperen/sensorpanel/pkg/sensors/sensors.go:325.3,331.32 5 1
github.com/alperen/sensorpanel/pkg/sensors/sensors.go:331.32,332.23 1 1
github.com/alperen/sensorpanel/pkg/sensors/sensors.go:332.23,334.10 2 1
github.com/alperen/sensorpanel/pkg/sensors/sensors.go:338.3,338.13 1 1
github.com/alperen/sensorpanel/pkg/sensors/sensors.go:338.13,339.12 1 1
github.com/alperen/sensorpanel/pkg/sensors/sensors.go:343.3,344.26 2 1
github.com/alperen/sensorpanel/pkg/sensors/sensors.go:344.26,345.12 1 0
github.com/alperen/sensorpanel/pkg/sensors/sensors.go:348.3,349.17 2 1
github.com/alperen/sensorpanel/pkg/sensors/sensors.go:349.17,350.12 1 0
github.com/alperen/sensorpanel/pkg/sensors/sensors.go:354.3,355.17 2 1
github.com/alperen/sensorpanel/pkg/sensors/sensors.go:355.17,356.12 1 0
github.com/alperen/sensorpanel/pkg/sensors/sensors.go:359.3,360.15 2 1
github.com/alperen/sensorpanel/pkg/sensors/sensors.go:364.2,365.40 2 0
github.com/alperen/sensorpanel/pkg/sensors/sensors.go:365.40,368.17 3 0
github.com/alperen/sensorpanel/pkg/sensors/sensors.go:368.17,369.12 1 0
github.com/alperen/sensorpanel/pkg/sensors/sensors.go:372.3,373.118 2 0
github.com/alperen/sensorpanel/pkg/sensors/sensors.go:373.118,374.12 1 0
github.com/alperen/sensorpanel/pkg/sensors/sensors.go:377.3,378.17 2 0
github.com/alperen/sensorpanel/pkg/sensors/sensors.go:378.17,379.12 1 0
github.com/alperen/sensorpanel/pkg/sensors/sensors.go:382.3,383.17 2 0
github.com/alperen/sensorpanel/pkg/sensors/sensors.go:383.17,384.12 1 0
github.com/alperen/sensorpanel/pkg/sensors/sensors.go:387.3,388.15 2 0
github.com/alperen/sensorpanel/pkg/sensors/sensors.go:391.2,391.12 1 0
github.com/alperen/sensorpanel/pkg/sensors/sensors.go:394.48,397.24 2 1
github.com/alperen/sensorpanel/pkg/sensors/sensors.go:397.24,399.17 2 1
github.com/alperen/sensorpanel/pkg/sensors/sensors.go:399.17,402.18 2 1
github.com/alperen/sensorpanel/pkg/sensors/sensors.go:402.18,405.5 2 1
github.com/alperen/sensorpanel/pkg/sensors/sensors.go:410.2,411.16 2 0
github.com/alperen/sensorpanel/pkg/sensors/sensors.go:411.16,413.3 1 0
github.com/alperen/sensorpanel/pkg/sensors/sensors.go:414.2,417.21 3 0
github.com/alperen/sensorpanel/pkg/sensors/sensors.go:417.21,419.41 2 0
github.com/alperen/sensorpanel/pkg/sensors/sensors.go:419.41,421.23 2 0
github.com/alperen/sensorpanel/pkg/sensors/sensors.go:421.23,423.19 2 0
github.com/alperen/sensorpanel/pkg/sensors/sensors.go:423.19,425.6 1 0
github.com/alperen/sensorpanel/pkg/sensors/sensors.go:430.2,430.12 1 0
github.com/alperen/sensorpanel/pkg/sensors/sensors.go:433.43,434.23 1 0
github.com/alperen/sensorpanel/pkg/sensors/sensors.go:434.23,436.3 1 0
github.com/alperen/sensorpanel/pkg/sensors/sensors.go:438.2,438.65 1 0
github.com/alperen/sensorpanel/pkg/sensors/sensors.go:438.65,440.3 1 0
github.com/alperen/sensorpanel/pkg/sensors/sensors.go:442.2,442.19 1 0
github.com/alperen/sensorpanel/pkg/sensors/sensors.go:445.49,448.23 2 0
github.com/alperen/sensorpanel/pkg/sensors/sensors.go:448.23,450.3 1 0
github.com/alperen/sensorpanel/pkg/sensors/sensors.go:452.2,458.16 3 0
github.com/alperen/sensorpanel/pkg/sensors/sensors.go:458.16,460.3 1 0
github.com/alperen/sensorpanel/pkg/sensors/sensors.go:462.2,463.21 2 0
github.com/alperen/sensorpanel/pkg/sensors/sensors.go:463.21,465.3 1 0
github.com/alperen/sensorpanel/pkg/sensors/sensors.go:468.2,469.23 2 0
github.com/alperen/sensorpanel/pkg/sensors/sensors.go:469.23,471.3 1 0
github.com/alperen/sensorpanel/pkg/sensors/sensors.go:473.2,473.20 1 0
github.com/alperen/sensorpanel/pkg/sensors/sensors.go:473.20,475.3 1 0
github.com/alperen/sensorpanel/pkg/sensors/sensors.go:477.2,480.63 3 0
github.com/alperen/sensorpanel/pkg/sensors/sensors.go:480.63,482.3 1 0
github.com/alperen/sensorpanel/pkg/sensors/sensors.go:484.2,484.63 1 0
github.com/alperen/sensorpanel/pkg/sensors/sensors.go:484.63,486.3 1 0
github.com/alperen/sensorpanel/pkg/sensors/sensors.go:488.2,488.66 1 0
github.com/alperen/sensorpanel/pkg/sensors/sensors.go:488.66,490.3 1 0
github.com/alperen/sensorpanel/pkg/sensors/sensors.go:492.2,492.67 1 0
github.com/alperen/sensorpanel/pkg/sensors/sensors.go:492.67,494.3 1 0
github.com/alperen/sensorpanel/pkg/sensors/sensors.go:496.2,496.43 1 0
github.com/alperen/sensorpanel/pkg/sensors/sensors.go:496.43,497.65 1 0
github.com/alperen/sensorpanel/pkg/sensors/sensors.go:497.65,499.4 1 0
github.com/alperen/sensorpanel/pkg/sensors/sensors.go:502.2,502.14 1 0
github.com/alperen/sensorpanel/pkg/sensors/sensors.go:505.46,511.37 3 0
github.com/alperen/sensorpanel/pkg/sensors/sensors.go:511.37,515.17 3 0
github.com/alperen/sensorpanel/pkg/sensors/sensors.go:515.17,516.12 1 0
github.com/alperen/sensorpanel/pkg/sensors/sensors.go:519.3,520.25 2 0
github.com/alperen/sensorpanel/pkg/sensors/sensors.go:520.25,521.12 1 0
github.com/alperen/sensorpanel/pkg/sensors/sensors.go:524.3,529.26 4 0
github.com/alperen/sensorpanel/pkg/sensors/sensors.go:529.26,531.18 2 0
github.com/alperen/sensorpanel/pkg/sensors/sensors.go:531.18,533.19 2 0
github.com/alperen/sensorpanel/pkg/sensors/sensors.go:533.19,536.6 2 0
github.com/alperen/sensorpanel/pkg/sensors/sensors.go:541.3,542.53 2 0
github.com/alperen/sensorpanel/pkg/sensors/sensors.go:542.53,544.18 2 0
github.com/alperen/sensorpanel/pkg/sensors/sensors.go:544.18,546.5 1 0
github.com/alperen/sensorpanel/pkg/sensors/sensors.go:550.3,551.56 2 0
github.com/alperen/sensorpanel/pkg/sensors/sensors.go:551.56,553.18 2 0
github.com/alperen/sensorpanel/pkg/sensors/sensors.go:553.18,556.5 2 0
github.com/alperen/sensorpanel/pkg/sensors/sensors.go:559.3,560.57 2 0
github.com/alperen/sensorpanel/pkg/sensors/sensors.go:560.57,562.18 2 0
github.com/alperen/sensorpanel/pkg/sensors/sensors.go:562.18,565.5 2 0
github.com/alperen/sensorpanel/pkg/sensors/sensors.go:568.3,568.8 1 0
github.com/alperen/sensorpanel/pkg/sensors/sensors.go:571.2,571.14 1 0
github.com/alperen/sensorpanel/pkg/sensors/sensors.go:574.49,578.16 3 1
github.com/alperen/sensorpanel/pkg/sensors/sensors.go:578.16,580.3 1 0
github.com/alperen/sensorpanel/pkg/sensors/sensors.go:581.2,586.21 4 1
github.com/alperen/sensorpanel/pkg/sensors/sensors.go:586.21,589.22 3 1
github.com/alperen/sensorpanel/pkg/sensors/sensors.go:589.22,590.12 1 0
github.com/alperen/sensorpanel/pkg/sensors/sensors.go:593.3,596.27 4 1
github.com/alperen/sensorpanel/pkg/sensors/sensors.go:596.27,597.12 1 0
github.com/alperen/sensorpanel/pkg/sensors/sensors.go:600.3,601.17 2 1
github.com/alperen/sensorpanel/pkg/sensors/sensors.go:601.17,602.12 1 0
github.com/alperen/sensorpanel/pkg/sensors/sensors.go:605.3,605.23 1 1
github.com/alperen/sensorpanel/pkg/sensors/sensors.go:608.2,611.20 3 1
github.com/alperen/sensorpanel/pkg/sensors/sensors.go:611.20,614.3 1 0
github.com/alperen/sensorpanel/pkg/sensors/sensors.go:616.2,620.23 4 1
github.com/alperen/sensorpanel/pkg/sensors/sensors.go:620.23,622.3 1 1
github.com/alperen/sensorpanel/pkg/sensors/sensors.go:624.2,624.14 1 1
github.com/alperen/sensorpanel/pkg/sensors/sensors.go:627.48,630.49 2 1
github.com/alperen/sensorpanel/pkg/sensors/sensors.go:630.49,632.51 2 1
github.com/alperen/sensorpanel/pkg/sensors/sensors.go:632.51,633.12 1 0
github.com/alperen/sensorpanel/pkg/sensors/sensors.go:636.3,647.18 10 1
github.com/alperen/sensorpanel/pkg/sensors/sensors.go:647.18,649.4 1 1
github.com/alperen/sensorpanel/pkg/sensors/sensors.go:651.3,657.5 1 1
github.com/alperen/sensorpanel/pkg/sensors/sensors.go:660.2,660.14 1 1
github.com/alperen/sensorpanel/pkg/sensors/sensors.go:663.53,668.16 4 1
github.com/alperen/sensorpanel/pkg/sensors/sensors.go:668.16,670.3 1 0
github.com/alperen/sensorpanel/pkg/sensors/sensors.go:671.2,679.21 5 1
github.com/alperen/sensorpanel/pkg/sensors/sensors.go:679.21,682.22 3 1
github.com/alperen/sensorpanel/pkg/sensors/sensors.go:682.22,683.12 1 0
github.com/alperen/sensorpanel/pkg/sensors/sensors.go:686.3,689.20 2 1
github.com/alperen/sensorpanel/pkg/sensors/sensors.go:689.20,690.12 1 1
github.com/alperen/sensorpanel/pkg/sensors/sensors.go:694.3,694.39 1 1
github.com/alperen/sensorpanel/pkg/sensors/sensors.go:694.39,696.16 2 1
github.com/alperen/sensorpanel/pkg/sensors/sensors.go:696.16,697.13 1 1
github.com/alperen/sensorpanel/pkg/sensors/sensors.go:701.3,702.22 2 1
github.com/alperen/sensorpanel/pkg/sensors/sensors.go:702.22,703.12 1 0
github.com/alperen/sensorpanel/pkg/sensors/sensors.go:706.3,712.44 5 1
github.com/alperen/sensorpanel/pkg/sensors/sensors.go:712.44,714.14 2 0
github.com/alperen/sensorpanel/pkg/sensors/sensors.go:714.14,717.5 2 0
github.com/alperen/sensorpanel/pkg/sensors/sensors.go:719.3,726.19 3 1
github.com/alperen/sensorpanel/pkg/sensors/sensors.go:726.19,728.4 1 0
github.com/alperen/sensorpanel/pkg/sensors/sensors.go:729.3,729.19 1 1
github.com/alperen/sensorpanel/pkg/sensors/sensors.go:729.19,731.4 1 0
github.com/alperen/sensorpanel/pkg/sensors/sensors.go:733.3,739.5 1 1
github.com/alperen/sensorpanel/pkg/sensors/sensors.go:742.2,742.17 1 1
github.com/alperen/sensorpanel/pkg/sensors/sensors.go:746.40,748.29 2 1
github.com/alperen/sensorpanel/pkg/sensors/sensors.go:748.29,749.19 1 1
github.com/alperen/sensorpanel/pkg/sensors/sensors.go:749.19,751.4 1 1
github.com/alperen/sensorpanel/pkg/sensors/sensors.go:752.3,752.16 1 1
github.com/alperen/sensorpanel/pkg/sensors/sensors.go:754.2,754.37 1 1
github.com/alperen/sensorpanel/pkg/sensors/sensors.go:758.44,760.2 1 1
github.com/alperen/sensorpanel/pkg/sensors/sensors_linux.go:18.53,20.55 2 1
github.com/alperen/sensorpanel/pkg/sensors/sensors_linux.go:20.55,22.3 1 0
github.com/alperen/sensorpanel/pkg/sensors/sensors_linux.go:24.2,29.12 5 1
github.com/alperen/sensorpanel/pkg/theme/browser.go:10.36,13.22 2 0
github.com/alperen/sensorpanel/pkg/theme/browser.go:14.15,15.38 1 0
github.com/alperen/sensorpanel/pkg/theme/browser.go:16.16,17.34 1 0
github.com/alperen/sensorpanel/pkg/theme/browser.go:18.17,19.48 1 0
github.com/alperen/sensorpanel/pkg/theme/browser.go:20.10,21.62 1 0
github.com/alperen/sensorpanel/pkg/theme/browser.go:24.2,24.20 1 0
github.com/alperen/sensorpanel/pkg/theme/browser.go:28.28,29.22 1 0
github.com/alperen/sensorpanel/pkg/theme/browser.go:30.15,32.20 2 0
github.com/alperen/sensorpanel/pkg/theme/browser.go:33.27,34.14 1 0
github.com/alperen/sensorpanel/pkg/theme/browser.go:35.10,36.15 1 0
github.com/alperen/sensorpanel/pkg/theme/builder.go:11.35,15.23 2 0
github.com/alperen/sensorpanel/pkg/theme/builder.go:15.23,17.3 1 0
github.com/alperen/sensorpanel/pkg/theme/builder.go:20.2,20.31 1 0
github.com/alperen/sensorpanel/pkg/theme/builder.go:20.31,27.35 7 0
github.com/alperen/sensorpanel/pkg/theme/builder.go:27.35,29.4 1 0
github.com/alperen/sensorpanel/pkg/theme/builder.go:33.2,39.34 7 0
github.com/alperen/sensorpanel/pkg/theme/builder.go:39.34,41.3 1 0
github.com/alperen/sensorpanel/pkg/theme/builder.go:44.2,45.54 2 0
github.com/alperen/sensorpanel/pkg/theme/builder.go:45.54,47.3 1 0
github.com/alperen/sensorpanel/pkg/theme/builder.go:49.2,50.12 2 0
github.com/alperen/sensorpanel/pkg/theme/builder.go:55.39,58.24 3 0
github.com/alperen/sensorpanel/pkg/theme/builder.go:58.24,61.3 1 0
github.com/alperen/sensorpanel/pkg/theme/builder.go:62.2,62.16 1 0
github.com/alperen/sensorpanel/pkg/theme/builder.go:62.16,64.3 1 0
github.com/alperen/sensorpanel/pkg/theme/builder.go:66.2,70.51 3 0
github.com/alperen/sensorpanel/pkg/theme/builder.go:70.51,72.3 1 0
github.com/alperen/sensorpanel/pkg/theme/builder.go:74.2,75.77 2 0
github.com/alperen/sensorpanel/pkg/theme/builder.go:75.77,76.17 1 0
github.com/alperen/sensorpanel/pkg/theme/builder.go:76.17,78.4 1 0
github.com/alperen/sensorpanel/pkg/theme/builder.go:79.3,79.19 1 0
github.com/alperen/sensorpanel/pkg/theme/builder.go:79.19,81.4 1 0
github.com/alperen/sensorpanel/pkg/theme/builder.go:82.3,82.38 1 0
github.com/alperen/sensorpanel/pkg/theme/builder.go:82.38,85.4 2 0
github.com/alperen/sensorpanel/pkg/theme/builder.go:86.3,86.13 1 0
github.com/alperen/sensorpanel/pkg/theme/builder.go:90.2,91.43 2 0
github.com/alperen/sensorpanel/pkg/theme/builder.go:91.43,92.78 1 0
github.com/alperen/sensorpanel/pkg/theme/builder.go:92.78,93.18 1 0
github.com/alperen/sensorpanel/pkg/theme/builder.go:93.18,95.5 1 0
github.com/alperen/sensorpanel/pkg/theme/builder.go:96.4,96.20 1 0
github.com/alperen/sensorpanel/pkg/theme/builder.go:96.20,98.5 1 0
github.com/alperen/sensorpanel/pkg/theme/builder.go:99.4,99.39 1 0
github.com/alperen/sensorpanel/pkg/theme/builder.go:99.39,102.5 2 0
github.com/alperen/sensorpanel/pkg/theme/builder.go:103.4,103.14 1 0
github.com/alperen/sensorpanel/pkg/theme/builder.go:107.2,107.17 1 0
github.com/alperen/sensorpanel/pkg/theme/builder.go:112.39,114.54 2 0
github.com/alperen/sensorpanel/pkg/theme/builder.go:114.54,116.3 1 0
github.com/alperen/sensorpanel/pkg/theme/builder.go:117.2,117.29 1 0
github.com/alperen/sensorpanel/pkg/theme/devserver.go:40.47,48.2 1 0
github.com/alperen/sensorpanel/pkg/theme/devserver.go:51.54,59.33 4 0
github.com/alperen/sensorpanel/pkg/theme/devserver.go:59.33,66.35 7 0
github.com/alperen/sensorpanel/pkg/theme/devserver.go:66.35,68.4 1 0
github.com/alperen/sensorpanel/pkg/theme/devserver.go:72.2,73.16 2 0
github.com/alperen/sensorpanel/pkg/theme/devserver.go:73.16,75.3 1 0
github.com/alperen/sensorpanel/pkg/theme/devserver.go:76.2,79.42 2 0
github.com/alperen/sensorpanel/pkg/theme/devserver.go:79.42,81.3 1 0
github.com/alperen/sensorpanel/pkg/theme/devserver.go:84.2,84.40 1 0
github.com/alperen/sensorpanel/pkg/theme/devserver.go:84.40,87.3 2 0
github.com/alperen/sensorpanel/pkg/theme/devserver.go:90.2,94.63 3 0
github.com/alperen/sensorpanel/pkg/theme/devserver.go:94.63,96.3 1 0
github.com/alperen/sensorpanel/pkg/theme/devserver.go:99.2,99.38 1 0
github.com/alperen/sensorpanel/pkg/theme/devserver.go:99.38,103.49 3 0
github.com/alperen/sensorpanel/pkg/theme/devserver.go:103.49,105.4 1 0
github.com/alperen/sensorpanel/pkg/theme/devserver.go:108.2,115.12 7 0
github.com/alperen/sensorpanel/pkg/theme/devserver.go:119.28,120.21 1 0
github.com/alperen/sensorpanel/pkg/theme/devserver.go:120.21,122.3 1 0
github.com/alperen/sensorpanel/pkg/theme/devserver.go:125.2,125.50 1 0
github.com/alperen/sensorpanel/pkg/theme/devserver.go:125.50,128.3 2 0
github.com/alperen/sensorpanel/pkg/theme/devserver.go:131.2,131.23 1 0
github.com/alperen/sensorpanel/pkg/theme/devserver.go:131.23,135.3 3 0
github.com/alperen/sensorpanel/pkg/theme/devserver.go:138.2,139.32 2 0
github.com/alperen/sensorpanel/pkg/theme/devserver.go:139.32,141.3 1 0
github.com/alperen/sensorpanel/pkg/theme/devserver.go:142.2,145.30 3 0
github.com/alperen/sensorpanel/pkg/theme/devserver.go:149.28,150.22 1 0
github.com/alperen/sensorpanel/pkg/theme/devserver.go:150.22,152.3 1 0
github.com/alperen/sensorpanel/pkg/theme/devserver.go:156.43,158.43 1 0
github.com/alperen/sensorpanel/pkg/theme/devserver.go:158.43,160.4 1 0
github.com/alperen/sensorpanel/pkg/theme/devserver.go:163.2,164.69 2 0
github.com/alperen/sensorpanel/pkg/theme/devserver.go:164.69,166.17 2 0
github.com/alperen/sensorpanel/pkg/theme/devserver.go:166.17,168.4 1 0
github.com/alperen/sensorpanel/pkg/theme/devserver.go:170.3,177.13 5 0
github.com/alperen/sensorpanel/pkg/theme/devserver.go:177.13,178.17 1 0
github.com/alperen/sensorpanel/pkg/theme/devserver.go:178.17,184.5 5 0
github.com/alperen/sensorpanel/pkg/theme/devserver.go:186.4,186.8 1 0
github.com/alperen/sensorpanel/pkg/theme/devserver.go:186.8,188.19 2 0
github.com/alperen/sensorpanel/pkg/theme/devserver.go:188.19,190.6 1 0
github.com/alperen/sensorpanel/pkg/theme/devserver.go:195.2,200.12 2 0
github.com/alperen/sensorpanel/pkg/theme/devserver.go:200.12,202.70 2 0
github.com/alperen/sensorpanel/pkg/theme/devserver.go:202.70,204.4 1 0
github.com/alperen/sensorpanel/pkg/theme/devserver.go:207.2,207.12 1 0
github.com/alperen/sensorpanel/pkg/theme/devserver.go:211.56,223.16 7 0
github.com/alperen/sensorpanel/pkg/theme/devserver.go:223.16,225.3 1 0
github.com/alperen/sensorpanel/pkg/theme/devserver.go:226.2,227.16 2 0
github.com/alperen/sensorpanel/pkg/theme/devserver.go:227.16,229.3 1 0
github.com/alperen/sensorpanel/pkg/theme/devserver.go:231.2,231.42 1 0
github.com/alperen/sensorpanel/pkg/theme/devserver.go:231.42,233.3 1 0
github.com/alperen/sensorpanel/pkg/theme/devserver.go:236.2,239.12 3 0
github.com/alperen/sensorpanel/pkg/theme/devserver.go:243.62,245.21 2 0
github.com/alperen/sensorpanel/pkg/theme/devserver.go:245.21,247.3 1 0
github.com/alperen/sensorpanel/pkg/theme/devserver.go:251.45,267.12 4 0
github.com/alperen/sensorpanel/pkg/theme/devserver.go:267.12,271.7 3 0
github.com/alperen/sensorpanel/pkg/theme/devserver.go:271.7,272.11 1 0
github.com/alperen/sensorpanel/pkg/theme/devserver.go:273.24,274.11 1 0
github.com/alperen/sensorpanel/pkg/theme/devserver.go:275.20,276.28 1 0
github.com/alperen/sensorpanel/pkg/theme/devserver.go:283.43,288.16 4 0
github.com/alperen/sensorpanel/pkg/theme/devserver.go:288.16,290.3 1 0
github.com/alperen/sensorpanel/pkg/theme/devserver.go:292.2,295.32 3 0
github.com/alperen/sensorpanel/pkg/theme/devserver.go:295.32,296.71 1 0
github.com/alperen/sensorpanel/pkg/theme/devserver.go:296.71,298.12 1 0
github.com/alperen/sensorpanel/pkg/theme/devserver.go:304.77,305.32 1 0
github.com/alperen/sensorpanel/pkg/theme/devserver.go:305.32,308.17 3 0
github.com/alperen/sensorpanel/pkg/theme/devserver.go:308.17,309.12 1 0
github.com/alperen/sensorpanel/pkg/theme/devserver.go:311.3,312.19 2 0
github.com/alperen/sensorpanel/pkg/theme/devserver.go:314.2,314.97 1 0
github.com/alperen/sensorpanel/pkg/theme/devserver.go:318.74,322.34 3 0
github.com/alperen/sensorpanel/pkg/theme/devserver.go:322.34,324.17 2 0
github.com/alperen/sensorpanel/pkg/theme/devserver.go:324.17,326.30 2 0
github.com/alperen/sensorpanel/pkg/theme/devserver.go:326.30,328.5 1 0
github.com/alperen/sensorpanel/pkg/theme/devserver.go:330.3,330.37 1 0
github.com/alperen/sensorpanel/pkg/theme/devserver.go:333.2,333.58 1 0
github.com/alperen/sensorpanel/pkg/theme/devserver.go:337.69,363.34 3 0
github.com/alperen/sensorpanel/pkg/theme/devserver.go:363.34,371.3 1 0
github.com/alperen/sensorpanel/pkg/theme/devserver.go:372.2,375.36 3 0
github.com/alperen/sensorpanel/pkg/theme/devserver.go:375.36,381.3 1 0
github.com/alperen/sensorpanel/pkg/theme/devserver.go:382.2,384.15 2 0
github.com/alperen/sensorpanel/pkg/theme/packagemanager.go:25.42,27.2 1 1
github.com/alperen/sensorpanel/pkg/theme/packagemanager.go:37.59,49.31 2 1
github.com/alperen/sensorpanel/pkg/theme/packagemanager.go:49.31,50.51 1 1
github.com/alperen/sensorpanel/pkg/theme/packagemanager.go:50.51,52.4 1 1
github.com/alperen/sensorpanel/pkg/theme/packagemanager.go:56.2,57.51 2 1
github.com/alperen/sensorpanel/pkg/theme/packagemanager.go:57.51,61.68 2 1
github.com/alperen/sensorpanel/pkg/theme/packagemanager.go:61.68,64.25 2 1
github.com/alperen/sensorpanel/pkg/theme/packagemanager.go:64.25,65.17 1 1
github.com/alperen/sensorpanel/pkg/theme/packagemanager.go:65.17,67.11 2 1
github.com/alperen/sensorpanel/pkg/theme/packagemanager.go:70.4,70.14 1 1
github.com/alperen/sensorpanel/pkg/theme/packagemanager.go:71.15,72.15 1 1
github.com/alperen/sensorpanel/pkg/theme/packagemanager.go:73.16,74.16 1 1
github.com/alperen/sensorpanel/pkg/theme/packagemanager.go:75.16,76.16 1 1
github.com/alperen/sensorpanel/pkg/theme/packagemanager.go:77.15,78.15 1 1
github.com/alperen/sensorpanel/pkg/theme/packagemanager.go:84.2,84.12 1 1
github.com/alperen/sensorpanel/pkg/theme/packagemanager.go:88.48,89.12 1 1
github.com/alperen/sensorpanel/pkg/theme/packagemanager.go:90.11,91.36 1 1
github.com/alperen/sensorpanel/pkg/theme/packagemanager.go:92.12,93.37 1 1
github.com/alperen/sensorpanel/pkg/theme/packagemanager.go:94.12,95.37 1 1
github.com/alperen/sensorpanel/pkg/theme/packagemanager.go:96.10,97.36 1 1
github.com/alperen/sensorpanel/pkg/theme/packagemanager.go:102.44,103.12 1 1
github.com/alperen/sensorpanel/pkg/theme/packagemanager.go:104.11,105.39 1 1
github.com/alperen/sensorpanel/pkg/theme/packagemanager.go:106.12,107.40 1 1
github.com/alperen/sensorpanel/pkg/theme/packagemanager.go:108.12,109.33 1 1
github.com/alperen/sensorpanel/pkg/theme/packagemanager.go:110.10,111.39 1 1
github.com/alperen/sensorpanel/pkg/theme/packagemanager.go:116.46,117.12 1 1
github.com/alperen/sensorpanel/pkg/theme/packagemanager.go:118.11,119.41 1 1
github.com/alperen/sensorpanel/pkg/theme/packagemanager.go:120.12,121.42 1 1
github.com/alperen/sensorpanel/pkg/theme/packagemanager.go:122.12,123.35 1 1
github.com/alperen/sensorpanel/pkg/theme/packagemanager.go:124.10,125.41 1 1
github.com/alperen/sensorpanel/pkg/theme/packagemanager.go:130.46,132.2 1 1
github.com/alperen/sensorpanel/pkg/theme/packagemanager.go:135.45,138.2 2 0
github.com/alperen/sensorpanel/pkg/theme/packagemanager.go:141.43,143.2 1 1
github.com/alperen/sensorpanel/pkg/theme/packagemanager.go:146.35,149.2 2 1
github.com/alperen/sensorpanel/pkg/theme/packagemanager.go:152.34,155.2 2 1
github.com/alperen/sensorpanel/pkg/theme/template.go:7.59,33.2 1 1
github.com/alperen/sensorpanel/pkg/theme/template.go:35.38,68.2 1 1
github.com/alperen/sensorpanel/pkg/theme/template.go:70.28,94.2 1 1
github.com/alperen/sensorpanel/pkg/theme/template.go:96.32,117.2 1 1
github.com/alperen/sensorpanel/pkg/theme/template.go:119.28,145.2 1 1
github.com/alperen/sensorpanel/pkg/theme/template.go:147.28,180.2 1 1
github.com/alperen/sensorpanel/pkg/theme/template.go:182.36,200.2 1 1
github.com/alperen/sensorpanel/pkg/theme/template.go:202.25,208.2 1 1
github.com/alperen/sensorpanel/pkg/theme/template.go:210.23,225.2 1 1
github.com/alperen/sensorpanel/pkg/theme/template.go:227.22,295.2 1 1
github.com/alperen/sensorpanel/pkg/theme/template.go:297.22,403.2 1 1
github.com/alperen/sensorpanel/pkg/theme/template.go:405.26,408.2 1 1
github.com/alperen/sensorpanel/pkg/theme/template.go:412.26,462.2 1 1
github.com/alperen/sensorpanel/pkg/theme/template.go:464.27,666.2 1 1
github.com/alperen/sensorpanel/pkg/theme/template.go:668.26,725.2 1 1
github.com/alperen/sensorpanel/pkg/theme/template.go:727.26,753.2 1 1
github.com/alperen/sensorpanel/pkg/theme/template.go:757.40,925.2 1 1
github.com/alperen/sensorpanel/pkg/theme/theme.go:41.44,49.2 1 1
github.com/alperen/sensorpanel/pkg/theme/theme.go:52.30,54.16 2 1
github.com/alperen/sensorpanel/pkg/theme/theme.go:54.16,56.3 1 0
github.com/alperen/sensorpanel/pkg/theme/theme.go:59.2,59.54 1 1
github.com/alperen/sensorpanel/pkg/theme/theme.go:59.54,61.3 1 1
github.com/alperen/sensorpanel/pkg/theme/theme.go:63.2,64.16 2 1
github.com/alperen/sensorpanel/pkg/theme/theme.go:64.16,66.3 1 0
github.com/alperen/sensorpanel/pkg/theme/theme.go:68.2,69.32 2 1
github.com/alperen/sensorpanel/pkg/theme/theme.go:69.32,70.21 1 1
github.com/alperen/sensorpanel/pkg/theme/theme.go:70.21,71.12 1 0
github.com/alperen/sensorpanel/pkg/theme/theme.go:74.3,75.17 2 1
github.com/alperen/sensorpanel/pkg/theme/theme.go:75.17,77.12 1 0
github.com/alperen/sensorpanel/pkg/theme/theme.go:79.3,79.34 1 1
github.com/alperen/sensorpanel/pkg/theme/theme.go:82.2,82.20 1 1
github.com/alperen/sensorpanel/pkg/theme/theme.go:86.40,88.16 2 1
github.com/alperen/sensorpanel/pkg/theme/theme.go:88.16,90.3 1 0
github.com/alperen/sensorpanel/pkg/theme/theme.go:93.2,94.24 2 1
github.com/alperen/sensorpanel/pkg/theme/theme.go:94.24,96.3 1 1
github.com/alperen/sensorpanel/pkg/theme/theme.go:97.2,97.16 1 1
github.com/alperen/sensorpanel/pkg/theme/theme.go:97.16,99.3 1 0
github.com/alperen/sensorpanel/pkg/theme/theme.go:100.2,100.19 1 1
github.com/alperen/sensorpanel/pkg/theme/theme.go:100.19,102.3 1 0
github.com/alperen/sensorpanel/pkg/theme/theme.go:104.2,111.51 3 1
github.com/alperen/sensorpanel/pkg/theme/theme.go:111.51,112.63 1 1
github.com/alperen/sensorpanel/pkg/theme/theme.go:112.63,115.4 1 1
github.com/alperen/sensorpanel/pkg/theme/theme.go:116.8,118.3 1 0
github.com/alperen/sensorpanel/pkg/theme/theme.go:121.2,121.31 1 1
github.com/alperen/sensorpanel/pkg/theme/theme.go:121.31,123.3 1 1
github.com/alperen/sensorpanel/pkg/theme/theme.go:124.2,124.32 1 1
github.com/alperen/sensorpanel/pkg/theme/theme.go:124.32,126.3 1 1
github.com/alperen/sensorpanel/pkg/theme/theme.go:129.2,130.46 2 1
github.com/alperen/sensorpanel/pkg/theme/theme.go:130.46,132.3 1 1
github.com/alperen/sensorpanel/pkg/theme/theme.go:135.2,136.62 2 1
github.com/alperen/sensorpanel/pkg/theme/theme.go:136.62,138.3 1 1
github.com/alperen/sensorpanel/pkg/theme/theme.go:140.2,140.19 1 1
github.com/alperen/sensorpanel/pkg/theme/theme.go:144.31,147.2 2 1
github.com/alperen/sensorpanel/pkg/theme/theme.go:150.36,152.2 1 1
github.com/alperen/sensorpanel/pkg/theme/theme.go:155.34,157.2 1 1
github.com/alperen/sensorpanel/pkg/theme/theme.go:160.32,162.16 2 1
github.com/alperen/sensorpanel/pkg/theme/theme.go:162.16,164.3 1 0
github.com/alperen/sensorpanel/pkg/theme/theme.go:166.2,166.53 1 1
github.com/alperen/sensorpanel/pkg/theme/theme.go:166.53,168.3 1 1
github.com/alperen/sensorpanel/pkg/theme/theme.go:170.2,170.31 1 1
github.com/alperen/sensorpanel/pkg/theme/theme.go:174.42,175.18 1 1
github.com/alperen/sensorpanel/pkg/theme/theme.go:175.18,177.3 1 1
github.com/alperen/sensorpanel/pkg/theme/theme.go:179.2,180.16 2 1
github.com/alperen/sensorpanel/pkg/theme/theme.go:180.16,182.3 1 0
github.com/alperen/sensorpanel/pkg/theme/theme.go:185.2,185.52 1 1
github.com/alperen/sensorpanel/pkg/theme/theme.go:185.52,187.3 1 0
github.com/alperen/sensorpanel/pkg/theme/theme.go:190.2,190.59 1 1
github.com/alperen/sensorpanel/pkg/theme/theme.go:190.59,194.3 2 0
github.com/alperen/sensorpanel/pkg/theme/theme.go:196.2,196.19 1 1
github.com/alperen/sensorpanel/pkg/theme/theme.go:200.59,203.27 2 1
github.com/alperen/sensorpanel/pkg/theme/theme.go:203.27,204.73 1 1
github.com/alperen/sensorpanel/pkg/theme/theme.go:204.73,206.4 1 0
github.com/alperen/sensorpanel/pkg/theme/theme.go:210.2,211.35 2 1
github.com/alperen/sensorpanel/pkg/theme/theme.go:211.35,215.67 2 1
github.com/alperen/sensorpanel/pkg/theme/theme.go:215.67,217.4 1 0
github.com/alperen/sensorpanel/pkg/theme/theme.go:219.3,219.71 1 1
github.com/alperen/sensorpanel/pkg/theme/theme.go:219.71,221.4 1 0
github.com/alperen/sensorpanel/pkg/theme/theme.go:224.2,224.12 1 1
github.com/alperen/sensorpanel/pkg/theme/theme.go:228.80,230.85 2 1
github.com/alperen/sensorpanel/pkg/theme/theme.go:230.85,231.17 1 1
github.com/alperen/sensorpanel/pkg/theme/theme.go:231.17,233.4 1 0
github.com/alperen/sensorpanel/pkg/theme/theme.go:234.3,234.16 1 1
github.com/alperen/sensorpanel/pkg/theme/theme.go:234.16,236.4 1 1
github.com/alperen/sensorpanel/pkg/theme/theme.go:237.3,237.21 1 1
github.com/alperen/sensorpanel/pkg/browser/browser.go:37.36,38.22 1 0
github.com/alperen/sensorpanel/pkg/browser/browser.go:39.15,40.32 1 0
github.com/alperen/sensorpanel/pkg/browser/browser.go:40.32,42.4 1 0
github.com/alperen/sensorpanel/pkg/browser/browser.go:43.16,44.32 1 0
github.com/alperen/sensorpanel/pkg/browser/browser.go:44.32,46.4 1 0
github.com/alperen/sensorpanel/pkg/browser/browser.go:47.3,47.32 1 0
github.com/alperen/sensorpanel/pkg/browser/browser.go:47.32,49.4 1 0
github.com/alperen/sensorpanel/pkg/browser/browser.go:50.17,51.32 1 0
github.com/alperen/sensorpanel/pkg/browser/browser.go:51.32,53.4 1 0
github.com/alperen/sensorpanel/pkg/browser/browser.go:54.3,54.30 1 0
github.com/alperen/sensorpanel/pkg/browser/browser.go:54.30,56.4 1 0
github.com/alperen/sensorpanel/pkg/browser/browser.go:58.2,58.35 1 0
github.com/alperen/sensorpanel/pkg/browser/browser.go:62.36,64.16 2 0
github.com/alperen/sensorpanel/pkg/browser/browser.go:64.16,66.3 1 0
github.com/alperen/sensorpanel/pkg/browser/browser.go:67.2,67.95 1 0
github.com/alperen/sensorpanel/pkg/browser/browser.go:71.26,72.22 1 0
github.com/alperen/sensorpanel/pkg/browser/browser.go:73.17,74.22 1 0
github.com/alperen/sensorpanel/pkg/browser/browser.go:75.16,76.82 1 0
github.com/alperen/sensorpanel/pkg/browser/browser.go:77.10,78.18 1 0
github.com/alperen/sensorpanel/pkg/browser/browser.go:83.36,85.16 2 0
github.com/alperen/sensorpanel/pkg/browser/browser.go:85.16,87.3 1 0
github.com/alperen/sensorpanel/pkg/browser/browser.go:90.2,91.16 2 0
github.com/alperen/sensorpanel/pkg/browser/browser.go:91.16,93.3 1 0
github.com/alperen/sensorpanel/pkg/browser/browser.go:95.2,97.47 2 0
github.com/alperen/sensorpanel/pkg/browser/browser.go:97.47,98.25 1 0
github.com/alperen/sensorpanel/pkg/browser/browser.go:98.25,100.4 1 0
github.com/alperen/sensorpanel/pkg/browser/browser.go:101.3,101.17 1 0
github.com/alperen/sensorpanel/pkg/browser/browser.go:104.2,104.24 1 0
github.com/alperen/sensorpanel/pkg/browser/browser.go:108.25,111.2 2 0
github.com/alperen/sensorpanel/pkg/browser/browser.go:114.41,129.39 2 0
github.com/alperen/sensorpanel/pkg/browser/browser.go:129.39,130.56 1 0
github.com/alperen/sensorpanel/pkg/browser/browser.go:130.56,132.4 1 0
github.com/alperen/sensorpanel/pkg/browser/browser.go:135.2,135.31 1 0
github.com/alperen/sensorpanel/pkg/browser/browser.go:140.38,142.44 1 0
github.com/alperen/sensorpanel/pkg/browser/browser.go:142.44,144.3 1 0
github.com/alperen/sensorpanel/pkg/browser/browser.go:147.2,147.27 1 0
github.com/alperen/sensorpanel/pkg/browser/browser.go:151.82,153.16 2 0
github.com/alperen/sensorpanel/pkg/browser/browser.go:153.16,155.3 1 0
github.com/alperen/sensorpanel/pkg/browser/browser.go:157.2,158.16 2 0
github.com/alperen/sensorpanel/pkg/browser/browser.go:158.16,160.3 1 0
github.com/alperen/sensorpanel/pkg/browser/browser.go:163.2,164.16 2 0
github.com/alperen/sensorpanel/pkg/browser/browser.go:164.16,166.3 1 0
github.com/alperen/sensorpanel/pkg/browser/browser.go:167.2,172.16 4 0
github.com/alperen/sensorpanel/pkg/browser/browser.go:172.16,175.3 2 0
github.com/alperen/sensorpanel/pkg/browser/browser.go:177.2,178.16 2 0
github.com/alperen/sensorpanel/pkg/browser/browser.go:178.16,181.3 2 0
github.com/alperen/sensorpanel/pkg/browser/browser.go:182.2,184.38 2 0
github.com/alperen/sensorpanel/pkg/browser/browser.go:184.38,187.3 2 0
github.com/alperen/sensorpanel/pkg/browser/browser.go:190.2,194.6 4 0
github.com/alperen/sensorpanel/pkg/browser/browser.go:194.6,196.12 2 0
github.com/alperen/sensorpanel/pkg/browser/browser.go:196.12,197.62 1 0
github.com/alperen/sensorpanel/pkg/browser/browser.go:197.62,200.5 2 0
github.com/alperen/sensorpanel/pkg/browser/browser.go:201.4,202.23 2 0
github.com/alperen/sensorpanel/pkg/browser/browser.go:202.23,204.5 1 0
github.com/alperen/sensorpanel/pkg/browser/browser.go:206.3,206.20 1 0
github.com/alperen/sensorpanel/pkg/browser/browser.go:206.20,207.9 1 0
github.com/alperen/sensorpanel/pkg/browser/browser.go:209.3,209.17 1 0
github.com/alperen/sensorpanel/pkg/browser/browser.go:209.17,212.4 2 0
github.com/alperen/sensorpanel/pkg/browser/browser.go:214.2,217.56 2 0
github.com/alperen/sensorpanel/pkg/browser/browser.go:217.56,219.3 1 0
github.com/alperen/sensorpanel/pkg/browser/browser.go:222.2,222.41 1 0
github.com/alperen/sensorpanel/pkg/browser/browser.go:222.41,224.3 1 0
github.com/alperen/sensorpanel/pkg/browser/browser.go:226.2,226.12 1 0
github.com/alperen/sensorpanel/pkg/browser/browser.go:230.48,232.16 2 0
github.com/alperen/sensorpanel/pkg/browser/browser.go:232.16,234.3 1 0
github.com/alperen/sensorpanel/pkg/browser/browser.go:235.2,237.27 2 0
github.com/alperen/sensorpanel/pkg/browser/browser.go:237.27,240.81 2 0
github.com/alperen/sensorpanel/pkg/browser/browser.go:240.81,242.4 1 0
github.com/alperen/sensorpanel/pkg/browser/browser.go:244.3,244.27 1 0
github.com/alperen/sensorpanel/pkg/browser/browser.go:244.27,246.12 2 0
github.com/alperen/sensorpanel/pkg/browser/browser.go:250.3,250.63 1 0
github.com/alperen/sensorpanel/pkg/browser/browser.go:250.63,252.4 1 0
github.com/alperen/sensorpanel/pkg/browser/browser.go:255.3,256.17 2 0
github.com/alperen/sensorpanel/pkg/browser/browser.go:256.17,258.4 1 0
github.com/alperen/sensorpanel/pkg/browser/browser.go:260.3,261.17 2 0
github.com/alperen/sensorpanel/pkg/browser/browser.go:261.17,264.4 2 0
github.com/alperen/sensorpanel/pkg/browser/browser.go:266.3,269.17 4 0
github.com/alperen/sensorpanel/pkg/browser/browser.go:269.17,271.4 1 0
github.com/alperen/sensorpanel/pkg/browser/browser.go:274.2,274.12 1 0
github.com/alperen/sensorpanel/pkg/browser/browser.go:278.21,280.16 2 0
github.com/alperen/sensorpanel/pkg/browser/browser.go:280.16,282.3 1 0
github.com/alperen/sensorpanel/pkg/browser/browser.go:284.2,285.16 2 0
github.com/alperen/sensorpanel/pkg/browser/browser.go:285.16,286.25 1 0
github.com/alperen/sensorpanel/pkg/browser/browser.go:286.25,288.4 1 0
github.com/alperen/sensorpanel/pkg/browser/browser.go:289.3,289.13 1 0
github.com/alperen/sensorpanel/pkg/browser/browser.go:292.2,292.32 1 0
github.com/alperen/sensorpanel/pkg/browser/browser.go:292.32,293.49 1 0
github.com/alperen/sensorpanel/pkg/browser/browser.go:293.49,294.80 1 0
github.com/alperen/sensorpanel/pkg/browser/browser.go:294.80,296.5 1 0
github.com/alperen/sensorpanel/pkg/browser/browser.go:300.2,300.12 1 0
github.com/alperen/sensorpanel/pkg/browser/browser.go:304.23,306.2 1 0
github.com/alperen/sensorpanel/pkg/browser/renderer.go:36.56,38.16 2 0
github.com/alperen/sensorpanel/pkg/browser/renderer.go:38.16,40.3 1 0
github.com/alperen/sensorpanel/pkg/browser/renderer.go:42.2,46.8 1 0
github.com/alperen/sensorpanel/pkg/browser/renderer.go:50.74,54.18 3 0
github.com/alperen/sensorpanel/pkg/browser/renderer.go:54.18,56.3 1 0
github.com/alperen/sensorpanel/pkg/browser/renderer.go:58.2,61.40 2 0
github.com/alperen/sensorpanel/pkg/browser/renderer.go:61.40,63.3 1 0
github.com/alperen/sensorpanel/pkg/browser/renderer.go:66.2,92.16 6 0
github.com/alperen/sensorpanel/pkg/browser/renderer.go:92.16,95.3 2 0
github.com/alperen/sensorpanel/pkg/browser/renderer.go:97.2,97.12 1 0
github.com/alperen/sensorpanel/pkg/browser/renderer.go:101.40,104.16 2 0
github.com/alperen/sensorpanel/pkg/browser/renderer.go:104.16,106.3 1 0
github.com/alperen/sensorpanel/pkg/browser/renderer.go:107.2,120.12 6 0
github.com/alperen/sensorpanel/pkg/browser/renderer.go:120.12,122.3 1 0
github.com/alperen/sensorpanel/pkg/browser/renderer.go:124.2,124.12 1 0
github.com/alperen/sensorpanel/pkg/browser/renderer.go:128.37,132.23 3 0
github.com/alperen/sensorpanel/pkg/browser/renderer.go:132.23,134.3 1 0
github.com/alperen/sensorpanel/pkg/browser/renderer.go:135.2,135.46 1 0
github.com/alperen/sensorpanel/pkg/browser/renderer.go:139.27,143.21 3 0
github.com/alperen/sensorpanel/pkg/browser/renderer.go:143.21,146.3 2 0
github.com/alperen/sensorpanel/pkg/browser/renderer.go:147.2,147.26 1 0
github.com/alperen/sensorpanel/pkg/browser/renderer.go:147.26,150.3 2 0
github.com/alperen/sensorpanel/pkg/browser/renderer.go:151.2,151.21 1 0
github.com/alperen/sensorpanel/pkg/browser/renderer.go:151.21,156.3 4 0
github.com/alperen/sensorpanel/pkg/browser/renderer.go:157.2,157.23 1 0
github.com/alperen/sensorpanel/pkg/browser/renderer.go:157.23,160.3 2 0
github.com/alperen/sensorpanel/pkg/browser/renderer.go:161.2,161.13 1 0
github.com/alperen/sensorpanel/pkg/browser/renderer.go:165.51,169.18 3 0
github.com/alperen/sensorpanel/pkg/browser/renderer.go:169.18,171.3 1 0
github.com/alperen/sensorpanel/pkg/browser/renderer.go:173.2,176.16 2 0
github.com/alperen/sensorpanel/pkg/browser/renderer.go:176.16,178.3 1 0
[...]
github.com/alperen/sensorpanel/cmd/device.go:447.16,449.3 1 0
github.com/alperen/sensorpanel/cmd/device.go:450.2,450.25 1 0
github.com/alperen/sensorpanel/cmd/device.go:453.36,457.22 3 0
github.com/alperen/sensorpanel/cmd/device.go:457.22,458.27 1 0
github.com/alperen/sensorpanel/cmd/device.go:458.27,460.12 2 0
github.com/alperen/sensorpanel/cmd/device.go:462.3,462.21 1 0
github.com/alperen/sensorpanel/cmd/device.go:462.21,465.4 2 0
github.com/alperen/sensorpanel/cmd/device.go:465.9,467.4 1 0
github.com/alperen/sensorpanel/cmd/device.go:470.2,470.24 1 0
github.com/alperen/sensorpanel/cmd/device.go:473.13,483.2 7 0
github.com/alperen/sensorpanel/cmd/panel.go:14.52,16.16 2 0
github.com/alperen/sensorpanel/cmd/panel.go:16.16,18.3 1 0
github.com/alperen/sensorpanel/cmd/panel.go:20.2,20.25 1 0
github.com/alperen/sensorpanel/cmd/panel.go:20.25,22.3 1 0
github.com/alperen/sensorpanel/cmd/panel.go:24.2,25.29 2 0
github.com/alperen/sensorpanel/cmd/panel.go:25.29,27.3 1 0
github.com/alperen/sensorpanel/cmd/panel.go:27.8,29.3 1 0
github.com/alperen/sensorpanel/cmd/panel.go:31.2,31.35 1 0
github.com/alperen/sensorpanel/cmd/panel.go:31.35,33.3 1 0
github.com/alperen/sensorpanel/cmd/panel.go:35.2,35.17 1 0
github.com/alperen/sensorpanel/cmd/panel.go:47.54,49.17 2 0
github.com/alperen/sensorpanel/cmd/panel.go:49.17,51.4 1 0
github.com/alperen/sensorpanel/cmd/panel.go:53.3,53.26 1 0
github.com/alperen/sensorpanel/cmd/panel.go:53.26,57.4 3 0
github.com/alperen/sensorpanel/cmd/panel.go:59.3,63.17 4 0
github.com/alperen/sensorpanel/cmd/panel.go:63.17,66.31 3 0
github.com/alperen/sensorpanel/cmd/panel.go:66.31,68.5 1 0
github.com/alperen/sensorpanel/cmd/panel.go:69.4,69.14 1 0
github.com/alperen/sensorpanel/cmd/panel.go:72.3,82.13 11 0
github.com/alperen/sensorpanel/cmd/panel.go:89.54,91.17 2 0
github.com/alperen/sensorpanel/cmd/panel.go:91.17,93.4 1 0
github.com/alperen/sensorpanel/cmd/panel.go:94.3,96.43 2 0
github.com/alperen/sensorpanel/cmd/panel.go:96.43,98.4 1 0
github.com/alperen/sensorpanel/cmd/panel.go:100.3,101.13 2 0
github.com/alperen/sensorpanel/cmd/panel.go:108.54,110.17 2 0
github.com/alperen/sensorpanel/cmd/panel.go:110.17,112.4 1 0
github.com/alperen/sensorpanel/cmd/panel.go:113.3,115.44 2 0
github.com/alperen/sensorpanel/cmd/panel.go:115.44,117.4 1 0
github.com/alperen/sensorpanel/cmd/panel.go:119.3,120.13 2 0
github.com/alperen/sensorpanel/cmd/panel.go:128.54,130.17 2 0
github.com/alperen/sensorpanel/cmd/panel.go:130.17,132.4 1 0
github.com/alperen/sensorpanel/cmd/panel.go:133.3,133.29 1 0
github.com/alperen/sensorpanel/cmd/panel.go:133.29,135.4 1 0
github.com/alperen/sensorpanel/cmd/panel.go:137.3,138.17 2 0
github.com/alperen/sensorpanel/cmd/panel.go:138.17,140.4 1 0
github.com/alperen/sensorpanel/cmd/panel.go:141.3,143.49 2 0
github.com/alperen/sensorpanel/cmd/panel.go:143.49,145.4 1 0
github.com/alperen/sensorpanel/cmd/panel.go:147.3,148.13 2 0
github.com/alperen/sensorpanel/cmd/panel.go:155.54,157.17 2 0
github.com/alperen/sensorpanel/cmd/panel.go:157.17,159.4 1 0
github.com/alperen/sensorpanel/cmd/panel.go:160.3,164.18 3 0
github.com/alperen/sensorpanel/cmd/panel.go:165.19,167.51 2 0
github.com/alperen/sensorpanel/cmd/panel.go:167.51,169.5 1 0
github.com/alperen/sensorpanel/cmd/panel.go:170.15,172.49 2 0
github.com/alperen/sensorpanel/cmd/panel.go:172.49,174.5 1 0
github.com/alperen/sensorpanel/cmd/panel.go:175.14,177.59 2 0
github.com/alperen/sensorpanel/cmd/panel.go:177.59,179.5 1 0
github.com/alperen/sensorpanel/cmd/panel.go:180.16,182.59 2 0
github.com/alperen/sensorpanel/cmd/panel.go:182.59,184.5 1 0
github.com/alperen/sensorpanel/cmd/panel.go:185.15,187.59 2 0
github.com/alperen/sensorpanel/cmd/panel.go:187.59,189.5 1 0
github.com/alperen/sensorpanel/cmd/panel.go:190.16,192.63 2 0
github.com/alperen/sensorpanel/cmd/panel.go:192.63,194.5 1 0
github.com/alperen/sensorpanel/cmd/panel.go:195.16,197.57 2 0
github.com/alperen/sensorpanel/cmd/panel.go:197.57,199.5 1 0
github.com/alperen/sensorpanel/cmd/panel.go:200.11,201.107 1 0
github.com/alperen/sensorpanel/cmd/panel.go:204.3,205.13 2 0
github.com/alperen/sensorpanel/cmd/panel.go:209.13,220.2 7 0
github.com/alperen/sensorpanel/cmd/prune.go:34.13,38.2 3 0
github.com/alperen/sensorpanel/cmd/prune.go:40.56,42.16 2 0
github.com/alperen/sensorpanel/cmd/prune.go:42.16,44.3 1 0
github.com/alperen/sensorpanel/cmd/prune.go:46.2,47.16 2 0
github.com/alperen/sensorpanel/cmd/prune.go:47.16,49.3 1 0
github.com/alperen/sensorpanel/cmd/prune.go:51.2,52.16 2 0
github.com/alperen/sensorpanel/cmd/prune.go:52.16,54.3 1 0
github.com/alperen/sensorpanel/cmd/prune.go:57.2,67.18 3 0
github.com/alperen/sensorpanel/cmd/prune.go:67.18,69.3 1 0
github.com/alperen/sensorpanel/cmd/prune.go:72.2,73.25 2 0
github.com/alperen/sensorpanel/cmd/prune.go:73.25,74.44 1 0
github.com/alperen/sensorpanel/cmd/prune.go:74.44,76.4 1 0
github.com/alperen/sensorpanel/cmd/prune.go:79.2,79.24 1 0
github.com/alperen/sensorpanel/cmd/prune.go:79.24,82.3 2 0
github.com/alperen/sensorpanel/cmd/prune.go:85.2,85.17 1 0
github.com/alperen/sensorpanel/cmd/prune.go:85.17,87.3 1 0
github.com/alperen/sensorpanel/cmd/prune.go:87.8,89.3 1 0
github.com/alperen/sensorpanel/cmd/prune.go:91.2,91.29 1 0
github.com/alperen/sensorpanel/cmd/prune.go:91.29,95.3 3 0
github.com/alperen/sensorpanel/cmd/prune.go:97.2,97.17 1 0
github.com/alperen/sensorpanel/cmd/prune.go:97.17,100.3 2 0
github.com/alperen/sensorpanel/cmd/prune.go:103.2,104.29 2 0
github.com/alperen/sensorpanel/cmd/prune.go:104.29,105.46 1 0
github.com/alperen/sensorpanel/cmd/prune.go:105.46,107.4 1 0
github.com/alperen/sensorpanel/cmd/prune.go:110.2,110.21 1 0
github.com/alperen/sensorpanel/cmd/prune.go:110.21,111.28 1 0
github.com/alperen/sensorpanel/cmd/prune.go:111.28,113.4 1 0
github.com/alperen/sensorpanel/cmd/prune.go:114.3,114.61 1 0
github.com/alperen/sensorpanel/cmd/prune.go:117.2,118.12 2 0
github.com/alperen/sensorpanel/cmd/prune.go:122.42,124.79 2 0
github.com/alperen/sensorpanel/cmd/prune.go:124.79,125.17 1 0
github.com/alperen/sensorpanel/cmd/prune.go:125.17,127.4 1 0
github.com/alperen/sensorpanel/cmd/prune.go:128.3,128.20 1 0
github.com/alperen/sensorpanel/cmd/prune.go:128.20,130.4 1 0
github.com/alperen/sensorpanel/cmd/prune.go:131.3,131.13 1 0
github.com/alperen/sensorpanel/cmd/prune.go:133.2,133.18 1 0
github.com/alperen/sensorpanel/cmd/prune.go:137.37,144.9 2 0
github.com/alperen/sensorpanel/cmd/prune.go:145.19,146.51 1 0
github.com/alperen/sensorpanel/cmd/prune.go:147.19,148.51 1 0
github.com/alperen/sensorpanel/cmd/prune.go:149.19,150.51 1 0
github.com/alperen/sensorpanel/cmd/prune.go:151.10,152.40 1 0
github.com/alperen/sensorpanel/cmd/root.go:24.16,26.16 2 0
github.com/alperen/sensorpanel/cmd/root.go:26.16,28.3 1 0
github.com/alperen/sensorpanel/cmd/root.go:31.14,34.2 0 0
github.com/alperen/sensorpanel/cmd/run.go:52.13,63.2 9 0
github.com/alperen/sensorpanel/cmd/run.go:65.60,68.16 2 0
github.com/alperen/sensorpanel/cmd/run.go:68.16,70.3 1 0
github.com/alperen/sensorpanel/cmd/run.go:73.2,73.64 1 0
github.com/alperen/sensorpanel/cmd/run.go:73.64,75.3 1 0
github.com/alperen/sensorpanel/cmd/run.go:76.2,76.40 1 0
github.com/alperen/sensorpanel/cmd/run.go:76.40,78.3 1 0
github.com/alperen/sensorpanel/cmd/run.go:79.2,79.63 1 0
github.com/alperen/sensorpanel/cmd/run.go:79.63,81.3 1 0
github.com/alperen/sensorpanel/cmd/run.go:84.2,84.23 1 0
github.com/alperen/sensorpanel/cmd/run.go:84.23,86.3 1 0
github.com/alperen/sensorpanel/cmd/run.go:89.2,89.23 1 0
github.com/alperen/sensorpanel/cmd/run.go:89.23,91.3 1 0
github.com/alperen/sensorpanel/cmd/run.go:92.2,92.23 1 0
github.com/alperen/sensorpanel/cmd/run.go:92.23,94.3 1 0
github.com/alperen/sensorpanel/cmd/run.go:97.2,99.16 3 0
github.com/alperen/sensorpanel/cmd/run.go:99.16,101.3 1 0
github.com/alperen/sensorpanel/cmd/run.go:102.2,107.56 3 0
github.com/alperen/sensorpanel/cmd/run.go:107.56,109.3 1 0
github.com/alperen/sensorpanel/cmd/run.go:112.2,130.21 6 0
github.com/alperen/sensorpanel/cmd/run.go:130.21,132.3 1 0
github.com/alperen/sensorpanel/cmd/run.go:135.2,135.56 1 0
github.com/alperen/sensorpanel/cmd/run.go:139.136,142.16 2 0
github.com/alperen/sensorpanel/cmd/run.go:142.16,144.3 1 0
github.com/alperen/sensorpanel/cmd/run.go:146.2,146.16 1 0
github.com/alperen/sensorpanel/cmd/run.go:146.16,148.3 1 0
github.com/alperen/sensorpanel/cmd/run.go:151.2,151.30 1 0
github.com/alperen/sensorpanel/cmd/run.go:151.30,154.3 2 0
github.com/alperen/sensorpanel/cmd/run.go:156.2,159.49 2 0
github.com/alperen/sensorpanel/cmd/run.go:159.49,161.3 1 0
github.com/alperen/sensorpanel/cmd/run.go:164.2,165.36 2 0
github.com/alperen/sensorpanel/cmd/run.go:165.36,167.3 1 0
github.com/alperen/sensorpanel/cmd/run.go:168.2,175.51 5 0
github.com/alperen/sensorpanel/cmd/run.go:175.51,179.3 2 0
github.com/alperen/sensorpanel/cmd/run.go:182.2,183.16 2 0
github.com/alperen/sensorpanel/cmd/run.go:183.16,185.3 1 0
github.com/alperen/sensorpanel/cmd/run.go:187.2,190.64 3 0
github.com/alperen/sensorpanel/cmd/run.go:190.64,192.3 1 0
github.com/alperen/sensorpanel/cmd/run.go:193.2,209.92 9 0
github.com/alperen/sensorpanel/cmd/run.go:209.92,211.3 1 0
github.com/alperen/sensorpanel/cmd/run.go:213.2,213.6 1 0
github.com/alperen/sensorpanel/cmd/run.go:213.6,214.10 1 0
github.com/alperen/sensorpanel/cmd/run.go:215.18,218.19 3 0
github.com/alperen/sensorpanel/cmd/run.go:218.19,221.5 2 0
github.com/alperen/sensorpanel/cmd/run.go:222.4,222.14 1 0
github.com/alperen/sensorpanel/cmd/run.go:224.19,225.94 1 0
github.com/alperen/sensorpanel/cmd/run.go:225.94,227.5 1 0
github.com/alperen/sensorpanel/cmd/run.go:233.108,257.6 11 0
github.com/alperen/sensorpanel/cmd/run.go:257.6,258.10 1 0
github.com/alperen/sensorpanel/cmd/run.go:259.18,262.19 3 0
github.com/alperen/sensorpanel/cmd/run.go:262.19,265.5 2 0
github.com/alperen/sensorpanel/cmd/run.go:266.4,266.14 1 0
github.com/alperen/sensorpanel/cmd/run.go:268.19,269.52 1 0
github.com/alperen/sensorpanel/cmd/run.go:274.111,283.50 4 0
github.com/alperen/sensorpanel/cmd/run.go:283.50,286.3 2 0
github.com/alperen/sensorpanel/cmd/run.go:288.2,288.15 1 0
github.com/alperen/sensorpanel/cmd/run.go:292.150,300.58 3 0
github.com/alperen/sensorpanel/cmd/run.go:300.58,303.3 1 0
github.com/alperen/sensorpanel/cmd/run.go:306.2,307.16 2 0
github.com/alperen/sensorpanel/cmd/run.go:307.16,309.3 1 0
github.com/alperen/sensorpanel/cmd/run.go:313.2,313.22 1 0
github.com/alperen/sensorpanel/cmd/run.go:313.22,315.3 1 0
github.com/alperen/sensorpanel/cmd/run.go:318.2,319.16 2 0
github.com/alperen/sensorpanel/cmd/run.go:319.16,321.3 1 0
github.com/alperen/sensorpanel/cmd/run.go:324.2,325.50 2 0
github.com/alperen/sensorpanel/cmd/run.go:325.50,327.3 1 0
github.com/alperen/sensorpanel/cmd/run.go:329.2,330.12 2 0
github.com/alperen/sensorpanel/cmd/run.go:381.58,406.34 2 0
github.com/alperen/sensorpanel/cmd/run.go:406.34,414.3 1 0
github.com/alperen/sensorpanel/cmd/run.go:416.2,416.36 1 0
github.com/alperen/sensorpanel/cmd/run.go:416.36,422.3 1 0
github.com/alperen/sensorpanel/cmd/run.go:424.2,424.15 1 0
github.com/alperen/sensorpanel/cmd/run.go:428.37,430.51 1 0
github.com/alperen/sensorpanel/cmd/run.go:430.51,432.3 1 0
github.com/alperen/sensorpanel/cmd/run.go:435.2,439.78 4 0
github.com/alperen/sensorpanel/cmd/run.go:439.78,440.16 1 0
github.com/alperen/sensorpanel/cmd/run.go:440.16,443.35 2 0
github.com/alperen/sensorpanel/cmd/run.go:443.35,446.5 2 0
github.com/alperen/sensorpanel/cmd/run.go:450.2,450.16 1 0
github.com/alperen/sensorpanel/cmd/run.go:450.16,452.3 1 0
github.com/alperen/sensorpanel/cmd/run.go:454.2,455.16 2 0
github.com/alperen/sensorpanel/cmd/run.go:455.16,457.3 1 0
github.com/alperen/sensorpanel/cmd/run.go:459.2,460.12 2 0
github.com/alperen/sensorpanel/cmd/theme.go:33.54,35.17 2 0
github.com/alperen/sensorpanel/cmd/theme.go:35.17,37.4 1 0
github.com/alperen/sensorpanel/cmd/theme.go:40.3,42.23 2 0
github.com/alperen/sensorpanel/cmd/theme.go:42.23,46.4 3 0
github.com/alperen/sensorpanel/cmd/theme.go:48.3,49.28 2 0
github.com/alperen/sensorpanel/cmd/theme.go:49.28,51.30 2 0
github.com/alperen/sensorpanel/cmd/theme.go:51.30,53.5 1 0
github.com/alperen/sensorpanel/cmd/theme.go:54.4,55.18 2 0
github.com/alperen/sensorpanel/cmd/theme.go:55.18,57.5 1 0
github.com/alperen/sensorpanel/cmd/theme.go:58.4,58.79 1 0
github.com/alperen/sensorpanel/cmd/theme.go:60.3,63.13 3 0
github.com/alperen/sensorpanel/cmd/theme.go:80.54,85.17 4 0
github.com/alperen/sensorpanel/cmd/theme.go:85.17,86.35 1 0
github.com/alperen/sensorpanel/cmd/theme.go:86.35,88.5 1 0
github.com/alperen/sensorpanel/cmd/theme.go:89.4,89.14 1 0
github.com/alperen/sensorpanel/cmd/theme.go:92.3,104.13 12 0
github.com/alperen/sensorpanel/cmd/theme.go:112.54,117.17 3 0
github.com/alperen/sensorpanel/cmd/theme.go:117.17,118.37 1 0
github.com/alperen/sensorpanel/cmd/theme.go:118.37,120.5 1 0
github.com/alperen/sensorpanel/cmd/theme.go:121.4,121.14 1 0
github.com/alperen/sensorpanel/cmd/theme.go:124.3,124.17 1 0
github.com/alperen/sensorpanel/cmd/theme.go:124.17,127.4 2 0
github.com/alperen/sensorpanel/cmd/theme.go:129.3,129.47 1 0
github.com/alperen/sensorpanel/cmd/theme.go:129.47,131.4 1 0
github.com/alperen/sensorpanel/cmd/theme.go:133.3,134.13 2 0
github.com/alperen/sensorpanel/cmd/theme.go:146.54,148.20 2 0
github.com/alperen/sensorpanel/cmd/theme.go:148.20,150.4 1 0
github.com/alperen/sensorpanel/cmd/theme.go:150.9,153.37 3 0
github.com/alperen/sensorpanel/cmd/theme.go:153.37,155.5 1 0
github.com/alperen/sensorpanel/cmd/theme.go:158.3,159.17 2 0
github.com/alperen/sensorpanel/cmd/theme.go:159.17,161.4 1 0
github.com/alperen/sensorpanel/cmd/theme.go:163.3,163.17 1 0
github.com/alperen/sensorpanel/cmd/theme.go:163.17,165.4 1 0
github.com/alperen/sensorpanel/cmd/theme.go:168.3,172.26 4 0
github.com/alperen/sensorpanel/cmd/theme.go:180.54,185.27 3 0
github.com/alperen/sensorpanel/cmd/theme.go:185.27,188.4 2 0
github.com/alperen/sensorpanel/cmd/theme.go:190.3,190.44 1 0
github.com/alperen/sensorpanel/cmd/theme.go:190.44,192.4 1 0
github.com/alperen/sensorpanel/cmd/theme.go:195.3,195.27 1 0
github.com/alperen/sensorpanel/cmd/theme.go:195.27,197.4 1 0
github.com/alperen/sensorpanel/cmd/theme.go:199.3,200.13 2 0
github.com/alperen/sensorpanel/cmd/theme.go:207.54,209.17 2 0
github.com/alperen/sensorpanel/cmd/theme.go:209.17,211.4 1 0
github.com/alperen/sensorpanel/cmd/theme.go:212.3,213.13 2 0
github.com/alperen/sensorpanel/cmd/theme.go:237.54,239.20 2 0
github.com/alperen/sensorpanel/cmd/theme.go:239.20,241.4 1 0
github.com/alperen/sensorpanel/cmd/theme.go:241.9,244.4 1 0
github.com/alperen/sensorpanel/cmd/theme.go:246.3,246.22 1 0
github.com/alperen/sensorpanel/cmd/theme.go:246.22,248.4 1 0
github.com/alperen/sensorpanel/cmd/theme.go:251.3,252.17 2 0
github.com/alperen/sensorpanel/cmd/theme.go:252.17,253.37 1 0
github.com/alperen/sensorpanel/cmd/theme.go:253.37,255.5 1 0
github.com/alperen/sensorpanel/cmd/theme.go:256.4,256.70 1 0
github.com/alperen/sensorpanel/cmd/theme.go:259.3,265.27 5 0
github.com/alperen/sensorpanel/cmd/theme.go:265.27,267.4 1 0
github.com/alperen/sensorpanel/cmd/theme.go:270.3,276.13 5 0
github.com/alperen/sensorpanel/cmd/theme.go:276.13,280.4 3 0
github.com/alperen/sensorpanel/cmd/theme.go:283.3,283.46 1 0
github.com/alperen/sensorpanel/cmd/theme.go:283.46,285.4 1 0
github.com/alperen/sensorpanel/cmd/theme.go:286.3,290.13 3 0
github.com/alperen/sensorpanel/cmd/theme.go:304.54,306.20 2 0
github.com/alperen/sensorpanel/cmd/theme.go:306.20,308.4 1 0
github.com/alperen/sensorpanel/cmd/theme.go:308.9,310.4 1 0
github.com/alperen/sensorpanel/cmd/theme.go:312.3,312.22 1 0
github.com/alperen/sensorpanel/cmd/theme.go:312.22,314.4 1 0
github.com/alperen/sensorpanel/cmd/theme.go:317.3,318.17 2 0
github.com/alperen/sensorpanel/cmd/theme.go:318.17,319.37 1 0
github.com/alperen/sensorpanel/cmd/theme.go:319.37,321.5 1 0
github.com/alperen/sensorpanel/cmd/theme.go:322.4,322.70 1 0
github.com/alperen/sensorpanel/cmd/theme.go:325.3,328.45 3 0
github.com/alperen/sensorpanel/cmd/theme.go:328.45,330.4 1 0
github.com/alperen/sensorpanel/cmd/theme.go:332.3,334.13 3 0
github.com/alperen/sensorpanel/cmd/theme.go:352.54,353.28 1 0
github.com/alperen/sensorpanel/cmd/theme.go:353.28,358.4 4 0
github.com/alperen/sensorpanel/cmd/theme.go:360.3,367.62 6 0
github.com/alperen/sensorpanel/cmd/theme.go:367.62,368.17 1 0
github.com/alperen/sensorpanel/cmd/theme.go:368.17,370.50 2 0
github.com/alperen/sensorpanel/cmd/theme.go:370.50,373.6 2 0
github.com/alperen/sensorpanel/cmd/theme.go:376.3,376.17 1 0
github.com/alperen/sensorpanel/cmd/theme.go:376.17,378.4 1 0
github.com/alperen/sensorpanel/cmd/theme.go:380.3,382.13 3 0
github.com/alperen/sensorpanel/cmd/theme.go:389.54,393.53 2 0
github.com/alperen/sensorpanel/cmd/theme.go:393.53,395.4 1 0
github.com/alperen/sensorpanel/cmd/theme.go:395.9,397.4 1 0
github.com/alperen/sensorpanel/cmd/theme.go:400.3,400.58 1 0
github.com/alperen/sensorpanel/cmd/theme.go:400.58,402.4 1 0
github.com/alperen/sensorpanel/cmd/theme.go:402.9,404.4 1 0
github.com/alperen/sensorpanel/cmd/theme.go:407.3,407.55 1 0
github.com/alperen/sensorpanel/cmd/theme.go:407.55,409.4 1 0
github.com/alperen/sensorpanel/cmd/theme.go:409.9,412.4 2 0
github.com/alperen/sensorpanel/cmd/theme.go:414.3,414.13 1 0
github.com/alperen/sensorpanel/cmd/theme.go:421.54,422.42 1 0
github.com/alperen/sensorpanel/cmd/theme.go:422.42,424.4 1 0
github.com/alperen/sensorpanel/cmd/theme.go:425.3,426.13 2 0
github.com/alperen/sensorpanel/cmd/theme.go:430.13,450.2 15 0
github.com/alperen/sensorpanel/cmd/theme.go:453.36,456.22 2 0
github.com/alperen/sensorpanel/cmd/theme.go:457.15,458.38 1 0
github.com/alperen/sensorpanel/cmd/theme.go:459.16,460.34 1 0
github.com/alperen/sensorpanel/cmd/theme.go:461.17,462.69 1 0
github.com/alperen/sensorpanel/cmd/theme.go:463.10,464.44 1 0
github.com/alperen/sensorpanel/cmd/theme.go:468.2,470.20 3 0
github.com/alperen/sensorpanel/pkg/server/server.go:31.34,36.44 1 1
github.com/alperen/sensorpanel/pkg/server/server.go:36.44,38.5 1 1
github.com/alperen/sensorpanel/pkg/server/server.go:44.32,48.23 3 1
github.com/alperen/sensorpanel/pkg/server/server.go:48.23,50.3 1 1
github.com/alperen/sensorpanel/pkg/server/server.go:52.2,53.16 2 1
github.com/alperen/sensorpanel/pkg/server/server.go:53.16,55.3 1 0
github.com/alperen/sensorpanel/pkg/server/server.go:56.2,72.12 8 1
github.com/alperen/sensorpanel/pkg/server/server.go:76.29,80.23 3 1
github.com/alperen/sensorpanel/pkg/server/server.go:80.23,82.3 1 1
github.com/alperen/sensorpanel/pkg/server/server.go:83.2,83.46 1 1
github.com/alperen/sensorpanel/pkg/server/server.go:87.31,89.2 1 1
github.com/alperen/sensorpanel/pkg/server/server.go:92.31,98.32 4 1
github.com/alperen/sensorpanel/pkg/server/server.go:98.32,100.3 1 1
github.com/alperen/sensorpanel/pkg/server/server.go:101.2,104.21 3 1
github.com/alperen/sensorpanel/pkg/server/server.go:104.21,109.3 4 1
github.com/alperen/sensorpanel/pkg/server/server.go:111.2,111.23 1 1
github.com/alperen/sensorpanel/pkg/server/server.go:111.23,114.3 2 1
github.com/alperen/sensorpanel/pkg/server/server.go:116.2,116.12 1 1
github.com/alperen/sensorpanel/pkg/server/server.go:120.74,122.16 2 1
github.com/alperen/sensorpanel/pkg/server/server.go:122.16,124.3 1 0
github.com/alperen/sensorpanel/pkg/server/server.go:126.2,131.15 4 1
github.com/alperen/sensorpanel/pkg/server/server.go:131.15,136.3 4 1
github.com/alperen/sensorpanel/pkg/server/server.go:139.2,139.6 1 1
github.com/alperen/sensorpanel/pkg/server/server.go:139.6,141.17 2 1
github.com/alperen/sensorpanel/pkg/server/server.go:141.17,142.9 1 1
github.com/alperen/sensorpanel/pkg/server/server.go:148.62,150.16 2 1
github.com/alperen/sensorpanel/pkg/server/server.go:150.16,152.3 1 1
github.com/alperen/sensorpanel/pkg/server/server.go:155.2,158.32 3 1
github.com/alperen/sensorpanel/pkg/server/server.go:158.32,160.17 2 1
github.com/alperen/sensorpanel/pkg/server/server.go:160.17,162.12 1 0
github.com/alperen/sensorpanel/pkg/server/server.go:166.2,166.12 1 1
github.com/alperen/sensorpanel/pkg/server/server.go:170.36,174.2 3 1
